{"meta": {"format": 3, "version": "7.16.1", "timestamp": "2026-09-19T19:45:21.023761", "branch_coverage": false, "show_contexts": false}, "files": {"m2_server\\_audio_backend.py": {"executed_lines": [], "summary": {"covered_lines": 0, "num_statements": 32, "percent_covered": 0.0, "percent_covered_display": "0", "missing_lines": 32, "excluded_lines": 0, "percent_statements_covered": 0.0, "percent_statements_covered_display": "0"}, "missing_lines": [19, 21, 24, 26, 27, 28, 30, 31, 32, 33, 35, 36, 39, 44, 46, 47, 48, 50, 51, 53, 65, 66, 67, 75, 78, 79, 80, 81, 82, 83, 85, 86], "excluded_lines": [], "functions": {"patch_torchcodec_metadata": {"executed_lines": [], "summary": {"covered_lines": 0, "num_statements": 6, "percent_covered": 0.0, "percent_covered_display": "0", "missing_lines": 6, "excluded_lines": 0, "percent_statements_covered": 0.0, "percent_statements_covered_display": "0"}, "missing_lines": [26, 27, 28, 30, 35, 36], "excluded_lines": [], "start_line": 24}, "patch_torchcodec_metadata._version": {"executed_lines": [], "summary": {"covered_lines": 0, "num_statements": 3, "percent_covered": 0.0, "percent_covered_display": "0", "missing_lines": 3, "excluded_lines": 0, "percent_statements_covered": 0.0, "percent_statements_covered_display": "0"}, "missing_lines": [31, 32, 33], "excluded_lines": [], "start_line": 30}, "patch_torchaudio_load": {"executed_lines": [], "summary": {"covered_lines": 0, "num_statements": 9, "percent_covered": 0.0, "percent_covered_display": "0", "missing_lines": 9, "excluded_lines": 0, "percent_statements_covered": 0.0, "percent_statements_covered_display": "0"}, "missing_lines": [44, 46, 47, 48, 50, 51, 53, 85, 86], "excluded_lines": [], "start_line": 39}, "patch_torchaudio_load._load": {"executed_lines": [], "summary": {"covered_lines": 0, "num_statements": 10, "percent_covered": 0.0, "percent_covered_display": "0", "missing_lines": 10, "excluded_lines": 0, "percent_statements_covered": 0.0, "percent_statements_covered_display": "0"}, "missing_lines": [65, 66, 67, 75, 78, 79, 80, 81, 82, 83], "excluded_lines": [], "start_line": 53}, "": {"executed_lines": [], "summary": {"covered_lines": 0, "num_statements": 4, "percent_covered": 0.0, "percent_covered_display": "0", "missing_lines": 4, "excluded_lines": 0, "percent_statements_covered": 0.0, "percent_statements_covered_display": "0"}, "missing_lines": [19, 21, 24, 39], "excluded_lines": [], "start_line": 1}}, "classes": {"": {"executed_lines": [], "summary": {"covered_lines": 0, "num_statements": 32, "percent_covered": 0.0, "percent_covered_display": "0", "missing_lines": 32, "excluded_lines": 0, "percent_statements_covered": 0.0, "percent_statements_covered_display": "0"}, "missing_lines": [19, 21, 24, 26, 27, 28, 30, 31, 32, 33, 35, 36, 39, 44, 46, 47, 48, 50, 51, 53, 65, 66, 67, 75, 78, 79, 80, 81, 82, 83, 85, 86], "excluded_lines": [], "start_line": 1}}}, "m2_server\\ab_api.py": {"executed_lines": [], "summary": {"covered_lines": 0, "num_statements": 43, "percent_covered": 0.0, "percent_covered_display": "0", "missing_lines": 43, "excluded_lines": 0, "percent_statements_covered": 0.0, "percent_statements_covered_display": "0"}, "missing_lines": [6, 7, 8, 10, 11, 12, 13, 15, 18, 21, 23, 24, 25, 26, 27, 29, 30, 31, 32, 33, 36, 37, 38, 39, 42, 43, 46, 47, 48, 49, 50, 52, 53, 54, 57, 58, 59, 60, 61, 62, 63, 64, 69], "excluded_lines": [], "functions": {"_speaker_emb": {"executed_lines": [], "summary": {"covered_lines": 0, "num_statements": 10, "percent_covered": 0.0, "percent_covered_display": "0", "missing_lines": 10, "excluded_lines": 0, "percent_statements_covered": 0.0, "percent_statements_covered_display": "0"}, "missing_lines": [23, 24, 25, 26, 27, 29, 30, 31, 32, 33], "excluded_lines": [], "start_line": 21}, "ab_run": {"executed_lines": [], "summary": {"covered_lines": 0, "num_statements": 17, "percent_covered": 0.0, "percent_covered_display": "0", "missing_lines": 17, "excluded_lines": 0, "percent_statements_covered": 0.0, "percent_statements_covered_display": "0"}, "missing_lines": [46, 47, 48, 49, 50, 52, 53, 54, 57, 58, 59, 60, 61, 62, 63, 64, 69], "excluded_lines": [], "start_line": 43}, "": {"executed_lines": [], "summary": {"covered_lines": 0, "num_statements": 16, "percent_covered": 0.0, "percent_covered_display": "0", "missing_lines": 16, "excluded_lines": 0, "percent_statements_covered": 0.0, "percent_statements_covered_display": "0"}, "missing_lines": [6, 7, 8, 10, 11, 12, 13, 15, 18, 21, 36, 37, 38, 39, 42, 43], "excluded_lines": [], "start_line": 1}}, "classes": {"AbRunRequest": {"executed_lines": [], "summary": {"covered_lines": 0, "num_statements": 0, "percent_covered": 100.0, "percent_covered_display": "100", "missing_lines": 0, "excluded_lines": 0, "percent_statements_covered": 100.0, "percent_statements_covered_display": "100"}, "missing_lines": [], "excluded_lines": [], "start_line": 36}, "": {"executed_lines": [], "summary": {"covered_lines": 0, "num_statements": 43, "percent_covered": 0.0, "percent_covered_display": "0", "missing_lines": 43, "excluded_lines": 0, "percent_statements_covered": 0.0, "percent_statements_covered_display": "0"}, "missing_lines": [6, 7, 8, 10, 11, 12, 13, 15, 18, 21, 23, 24, 25, 26, 27, 29, 30, 31, 32, 33, 36, 37, 38, 39, 42, 43, 46, 47, 48, 49, 50, 52, 53, 54, 57, 58, 59, 60, 61, 62, 63, 64, 69], "excluded_lines": [], "start_line": 1}}}, "m2_server\\ab_chain.py": {"executed_lines": [], "summary": {"covered_lines": 0, "num_statements": 147, "percent_covered": 0.0, "percent_covered_display": "0", "missing_lines": 147, "excluded_lines": 0, "percent_statements_covered": 0.0, "percent_statements_covered_display": "0"}, "missing_lines": [19, 20, 21, 22, 23, 24, 25, 27, 28, 29, 30, 31, 32, 34, 36, 37, 38, 40, 41, 42, 48, 51, 52, 53, 54, 56, 57, 58, 62, 63, 64, 65, 66, 67, 70, 71, 74, 76, 77, 79, 80, 81, 84, 86, 88, 89, 90, 91, 97, 98, 111, 112, 113, 118, 123, 132, 135, 136, 141, 142, 143, 144, 147, 162, 163, 164, 165, 166, 167, 168, 169, 185, 194, 195, 198, 200, 201, 203, 204, 205, 206, 207, 210, 212, 213, 215, 221, 222, 231, 232, 233, 234, 235, 236, 237, 240, 242, 243, 246, 248, 249, 250, 252, 253, 254, 257, 259, 260, 261, 262, 265, 266, 267, 270, 272, 273, 274, 275, 277, 283, 284, 288, 296, 297, 298, 299, 300, 301, 302, 303, 307, 309, 311, 312, 313, 315, 318, 320, 321, 322, 323, 324, 325, 332, 333, 334, 335], "excluded_lines": [], "functions": {"_nats_scorer": {"executed_lines": [], "summary": {"covered_lines": 0, "num_statements": 15, "percent_covered": 0.0, "percent_covered_display": "0", "missing_lines": 15, "excluded_lines": 0, "percent_statements_covered": 0.0, "percent_statements_covered_display": "0"}, "missing_lines": [51, 52, 53, 54, 56, 57, 58, 62, 63, 64, 65, 66, 67, 70, 71], "excluded_lines": [], "start_line": 48}, "_secs": {"executed_lines": [], "summary": {"covered_lines": 0, "num_statements": 5, "percent_covered": 0.0, "percent_covered_display": "0", "missing_lines": 5, "excluded_lines": 0, "percent_statements_covered": 0.0, "percent_statements_covered_display": "0"}, "missing_lines": [76, 77, 79, 80, 81], "excluded_lines": [], "start_line": 74}, "_score_metrics": {"executed_lines": [], "summary": {"covered_lines": 0, "num_statements": 5, "percent_covered": 0.0, "percent_covered_display": "0", "missing_lines": 5, "excluded_lines": 0, "percent_statements_covered": 0.0, "percent_statements_covered_display": "0"}, "missing_lines": [86, 88, 89, 90, 91], "excluded_lines": [], "start_line": 84}, "_preprocess16k": {"executed_lines": [], "summary": {"covered_lines": 0, "num_statements": 4, "percent_covered": 0.0, "percent_covered_display": "0", "missing_lines": 4, "excluded_lines": 0, "percent_statements_covered": 0.0, "percent_statements_covered_display": "0"}, "missing_lines": [98, 111, 112, 113], "excluded_lines": [], "start_line": 97}, "_fail_tail": {"executed_lines": [], "summary": {"covered_lines": 0, "num_statements": 7, "percent_covered": 0.0, "percent_covered_display": "0", "missing_lines": 7, "excluded_lines": 0, "percent_statements_covered": 0.0, "percent_statements_covered_display": "0"}, "missing_lines": [132, 135, 136, 141, 142, 143, 144], "excluded_lines": [], "start_line": 123}, "_rvc_link": {"executed_lines": [], "summary": {"covered_lines": 0, "num_statements": 11, "percent_covered": 0.0, "percent_covered_display": "0", "missing_lines": 11, "excluded_lines": 0, "percent_statements_covered": 0.0, "percent_statements_covered_display": "0"}, "missing_lines": [162, 163, 164, 165, 166, 167, 168, 169, 185, 194, 195], "excluded_lines": [], "start_line": 147}, "_seedvc_link": {"executed_lines": [], "summary": {"covered_lines": 0, "num_statements": 7, "percent_covered": 0.0, "percent_covered_display": "0", "missing_lines": 7, "excluded_lines": 0, "percent_statements_covered": 0.0, "percent_statements_covered_display": "0"}, "missing_lines": [200, 201, 203, 204, 205, 206, 207], "excluded_lines": [], "start_line": 198}, "_qwen3_link": {"executed_lines": [], "summary": {"covered_lines": 0, "num_statements": 3, "percent_covered": 0.0, "percent_covered_display": "0", "missing_lines": 3, "excluded_lines": 0, "percent_statements_covered": 0.0, "percent_statements_covered_display": "0"}, "missing_lines": [212, 213, 215], "excluded_lines": [], "start_line": 210}, "ab_chain": {"executed_lines": [], "summary": {"covered_lines": 0, "num_statements": 48, "percent_covered": 0.0, "percent_covered_display": "0", "missing_lines": 48, "excluded_lines": 0, "percent_statements_covered": 0.0, "percent_statements_covered_display": "0"}, "missing_lines": [231, 232, 233, 234, 235, 236, 237, 240, 242, 243, 246, 248, 249, 250, 252, 253, 254, 257, 259, 260, 261, 262, 265, 266, 267, 270, 272, 273, 274, 275, 277, 283, 284, 288, 296, 297, 298, 299, 300, 301, 302, 303, 307, 309, 311, 312, 313, 315], "excluded_lines": [], "start_line": 222}, "_run_one": {"executed_lines": [], "summary": {"covered_lines": 0, "num_statements": 10, "percent_covered": 0.0, "percent_covered_display": "0", "missing_lines": 10, "excluded_lines": 0, "percent_statements_covered": 0.0, "percent_statements_covered_display": "0"}, "missing_lines": [320, 321, 322, 323, 324, 325, 332, 333, 334, 335], "excluded_lines": [], "start_line": 318}, "": {"executed_lines": [], "summary": {"covered_lines": 0, "num_statements": 32, "percent_covered": 0.0, "percent_covered_display": "0", "missing_lines": 32, "excluded_lines": 0, "percent_statements_covered": 0.0, "percent_statements_covered_display": "0"}, "missing_lines": [19, 20, 21, 22, 23, 24, 25, 27, 28, 29, 30, 31, 32, 34, 36, 37, 38, 40, 41, 42, 48, 74, 84, 97, 118, 123, 147, 198, 210, 221, 222, 318], "excluded_lines": [], "start_line": 1}}, "classes": {"": {"executed_lines": [], "summary": {"covered_lines": 0, "num_statements": 147, "percent_covered": 0.0, "percent_covered_display": "0", "missing_lines": 147, "excluded_lines": 0, "percent_statements_covered": 0.0, "percent_statements_covered_display": "0"}, "missing_lines": [19, 20, 21, 22, 23, 24, 25, 27, 28, 29, 30, 31, 32, 34, 36, 37, 38, 40, 41, 42, 48, 51, 52, 53, 54, 56, 57, 58, 62, 63, 64, 65, 66, 67, 70, 71, 74, 76, 77, 79, 80, 81, 84, 86, 88, 89, 90, 91, 97, 98, 111, 112, 113, 118, 123, 132, 135, 136, 141, 142, 143, 144, 147, 162, 163, 164, 165, 166, 167, 168, 169, 185, 194, 195, 198, 200, 201, 203, 204, 205, 206, 207, 210, 212, 213, 215, 221, 222, 231, 232, 233, 234, 235, 236, 237, 240, 242, 243, 246, 248, 249, 250, 252, 253, 254, 257, 259, 260, 261, 262, 265, 266, 267, 270, 272, 273, 274, 275, 277, 283, 284, 288, 296, 297, 298, 299, 300, 301, 302, 303, 307, 309, 311, 312, 313, 315, 318, 320, 321, 322, 323, 324, 325, 332, 333, 334, 335], "excluded_lines": [], "start_line": 1}}}, "m2_server\\audio_api.py": {"executed_lines": [], "summary": {"covered_lines": 0, "num_statements": 132, "percent_covered": 0.0, "percent_covered_display": "0", "missing_lines": 132, "excluded_lines": 0, "percent_statements_covered": 0.0, "percent_statements_covered_display": "0"}, "missing_lines": [16, 17, 18, 19, 20, 21, 22, 24, 25, 27, 29, 32, 34, 35, 36, 37, 38, 41, 42, 43, 44, 45, 46, 63, 64, 65, 66, 67, 68, 69, 70, 71, 72, 74, 75, 76, 77, 78, 81, 82, 84, 87, 88, 91, 94, 95, 97, 103, 104, 106, 107, 108, 116, 117, 120, 127, 128, 129, 130, 145, 146, 147, 148, 151, 152, 162, 163, 164, 165, 166, 167, 178, 179, 180, 189, 190, 200, 211, 212, 213, 223, 224, 235, 246, 247, 258, 261, 262, 267, 268, 271, 272, 275, 276, 277, 279, 282, 284, 287, 288, 290, 291, 292, 302, 304, 305, 306, 307, 308, 309, 310, 311, 312, 313, 314, 315, 316, 317, 318, 321, 323, 324, 325, 326, 327, 328, 329, 332, 334, 335, 336, 337], "excluded_lines": [], "functions": {"_find_powershell": {"executed_lines": [], "summary": {"covered_lines": 0, "num_statements": 5, "percent_covered": 0.0, "percent_covered_display": "0", "missing_lines": 5, "excluded_lines": 0, "percent_statements_covered": 0.0, "percent_statements_covered_display": "0"}, "missing_lines": [34, 35, 36, 37, 38], "excluded_lines": [], "start_line": 32}, "_run_audio_config": {"executed_lines": [], "summary": {"covered_lines": 0, "num_statements": 20, "percent_covered": 0.0, "percent_covered_display": "0", "missing_lines": 20, "excluded_lines": 0, "percent_statements_covered": 0.0, "percent_statements_covered_display": "0"}, "missing_lines": [42, 43, 44, 45, 46, 63, 64, 65, 66, 67, 68, 69, 70, 71, 72, 74, 75, 76, 77, 78], "excluded_lines": [], "start_line": 41}, "audio_status": {"executed_lines": [], "summary": {"covered_lines": 0, "num_statements": 1, "percent_covered": 0.0, "percent_covered_display": "0", "missing_lines": 1, "excluded_lines": 0, "percent_statements_covered": 0.0, "percent_statements_covered_display": "0"}, "missing_lines": [84], "excluded_lines": [], "start_line": 82}, "audio_apply": {"executed_lines": [], "summary": {"covered_lines": 0, "num_statements": 1, "percent_covered": 0.0, "percent_covered_display": "0", "missing_lines": 1, "excluded_lines": 0, "percent_statements_covered": 0.0, "percent_statements_covered_display": "0"}, "missing_lines": [91], "excluded_lines": [], "start_line": 88}, "audio_restore": {"executed_lines": [], "summary": {"covered_lines": 0, "num_statements": 1, "percent_covered": 0.0, "percent_covered_display": "0", "missing_lines": 1, "excluded_lines": 0, "percent_statements_covered": 0.0, "percent_statements_covered_display": "0"}, "missing_lines": [97], "excluded_lines": [], "start_line": 95}, "_name_has": {"executed_lines": [], "summary": {"covered_lines": 0, "num_statements": 1, "percent_covered": 0.0, "percent_covered_display": "0", "missing_lines": 1, "excluded_lines": 0, "percent_statements_covered": 0.0, "percent_statements_covered_display": "0"}, "missing_lines": [117], "excluded_lines": [], "start_line": 116}, "build_send_chain_report": {"executed_lines": [], "summary": {"covered_lines": 0, "num_statements": 31, "percent_covered": 0.0, "percent_covered_display": "0", "missing_lines": 31, "excluded_lines": 0, "percent_statements_covered": 0.0, "percent_statements_covered_display": "0"}, "missing_lines": [127, 128, 129, 130, 145, 146, 147, 148, 151, 152, 162, 163, 164, 165, 166, 167, 178, 179, 180, 189, 190, 200, 211, 212, 213, 223, 224, 235, 246, 247, 258], "excluded_lines": [], "start_line": 120}, "audio_send_chain": {"executed_lines": [], "summary": {"covered_lines": 0, "num_statements": 2, "percent_covered": 0.0, "percent_covered_display": "0", "missing_lines": 2, "excluded_lines": 0, "percent_statements_covered": 0.0, "percent_statements_covered_display": "0"}, "missing_lines": [267, 268], "excluded_lines": [], "start_line": 262}, "_backup_exists": {"executed_lines": [], "summary": {"covered_lines": 0, "num_statements": 1, "percent_covered": 0.0, "percent_covered_display": "0", "missing_lines": 1, "excluded_lines": 0, "percent_statements_covered": 0.0, "percent_statements_covered_display": "0"}, "missing_lines": [272], "excluded_lines": [], "start_line": 271}, "_any_voice_alive": {"executed_lines": [], "summary": {"covered_lines": 0, "num_statements": 3, "percent_covered": 0.0, "percent_covered_display": "0", "missing_lines": 3, "excluded_lines": 0, "percent_statements_covered": 0.0, "percent_statements_covered_display": "0"}, "missing_lines": [276, 277, 279], "excluded_lines": [], "start_line": 275}, "_audio_stale": {"executed_lines": [], "summary": {"covered_lines": 0, "num_statements": 1, "percent_covered": 0.0, "percent_covered_display": "0", "missing_lines": 1, "excluded_lines": 0, "percent_statements_covered": 0.0, "percent_statements_covered_display": "0"}, "missing_lines": [284], "excluded_lines": [], "start_line": 282}, "audio_dashboard": {"executed_lines": [], "summary": {"covered_lines": 0, "num_statements": 3, "percent_covered": 0.0, "percent_covered_display": "0", "missing_lines": 3, "excluded_lines": 0, "percent_statements_covered": 0.0, "percent_statements_covered_display": "0"}, "missing_lines": [290, 291, 292], "excluded_lines": [], "start_line": 288}, "_audit_once": {"executed_lines": [], "summary": {"covered_lines": 0, "num_statements": 15, "percent_covered": 0.0, "percent_covered_display": "0", "missing_lines": 15, "excluded_lines": 0, "percent_statements_covered": 0.0, "percent_statements_covered_display": "0"}, "missing_lines": [304, 305, 306, 307, 308, 309, 310, 311, 312, 313, 314, 315, 316, 317, 318], "excluded_lines": [], "start_line": 302}, "_audio_audit_loop": {"executed_lines": [], "summary": {"covered_lines": 0, "num_statements": 7, "percent_covered": 0.0, "percent_covered_display": "0", "missing_lines": 7, "excluded_lines": 0, "percent_statements_covered": 0.0, "percent_statements_covered_display": "0"}, "missing_lines": [323, 324, 325, 326, 327, 328, 329], "excluded_lines": [], "start_line": 321}, "_start_audio_audit": {"executed_lines": [], "summary": {"covered_lines": 0, "num_statements": 4, "percent_covered": 0.0, "percent_covered_display": "0", "missing_lines": 4, "excluded_lines": 0, "percent_statements_covered": 0.0, "percent_statements_covered_display": "0"}, "missing_lines": [334, 335, 336, 337], "excluded_lines": [], "start_line": 332}, "": {"executed_lines": [], "summary": {"covered_lines": 0, "num_statements": 36, "percent_covered": 0.0, "percent_covered_display": "0", "missing_lines": 36, "excluded_lines": 0, "percent_statements_covered": 0.0, "percent_statements_covered_display": "0"}, "missing_lines": [16, 17, 18, 19, 20, 21, 22, 24, 25, 27, 29, 32, 41, 81, 82, 87, 88, 94, 95, 103, 104, 106, 107, 108, 116, 120, 261, 262, 271, 275, 282, 287, 288, 302, 321, 332], "excluded_lines": [], "start_line": 1}}, "classes": {"": {"executed_lines": [], "summary": {"covered_lines": 0, "num_statements": 132, "percent_covered": 0.0, "percent_covered_display": "0", "missing_lines": 132, "excluded_lines": 0, "percent_statements_covered": 0.0, "percent_statements_covered_display": "0"}, "missing_lines": [16, 17, 18, 19, 20, 21, 22, 24, 25, 27, 29, 32, 34, 35, 36, 37, 38, 41, 42, 43, 44, 45, 46, 63, 64, 65, 66, 67, 68, 69, 70, 71, 72, 74, 75, 76, 77, 78, 81, 82, 84, 87, 88, 91, 94, 95, 97, 103, 104, 106, 107, 108, 116, 117, 120, 127, 128, 129, 130, 145, 146, 147, 148, 151, 152, 162, 163, 164, 165, 166, 167, 178, 179, 180, 189, 190, 200, 211, 212, 213, 223, 224, 235, 246, 247, 258, 261, 262, 267, 268, 271, 272, 275, 276, 277, 279, 282, 284, 287, 288, 290, 291, 292, 302, 304, 305, 306, 307, 308, 309, 310, 311, 312, 313, 314, 315, 316, 317, 318, 321, 323, 324, 325, 326, 327, 328, 329, 332, 334, 335, 336, 337], "excluded_lines": [], "start_line": 1}}}, "m2_server\\audio_enhance.py": {"executed_lines": [], "summary": {"covered_lines": 0, "num_statements": 69, "percent_covered": 0.0, "percent_covered_display": "0", "missing_lines": 69, "excluded_lines": 0, "percent_statements_covered": 0.0, "percent_statements_covered_display": "0"}, "missing_lines": [19, 20, 22, 24, 25, 31, 38, 40, 41, 42, 45, 48, 49, 50, 51, 53, 54, 57, 59, 60, 61, 62, 63, 66, 72, 74, 75, 76, 77, 78, 79, 81, 82, 83, 84, 85, 86, 87, 88, 89, 90, 91, 93, 94, 95, 98, 105, 106, 108, 109, 111, 112, 115, 118, 119, 120, 121, 122, 124, 125, 126, 127, 128, 129, 130, 131, 132, 133, 134], "excluded_lines": [], "functions": {"resolve_atten_lim": {"executed_lines": [], "summary": {"covered_lines": 0, "num_statements": 3, "percent_covered": 0.0, "percent_covered_display": "0", "missing_lines": 3, "excluded_lines": 0, "percent_statements_covered": 0.0, "percent_statements_covered_display": "0"}, "missing_lines": [40, 41, 42], "excluded_lines": [], "start_line": 38}, "_get_model": {"executed_lines": [], "summary": {"covered_lines": 0, "num_statements": 6, "percent_covered": 0.0, "percent_covered_display": "0", "missing_lines": 6, "excluded_lines": 0, "percent_statements_covered": 0.0, "percent_statements_covered_display": "0"}, "missing_lines": [48, 49, 50, 51, 53, 54], "excluded_lines": [], "start_line": 45}, "available": {"executed_lines": [], "summary": {"covered_lines": 0, "num_statements": 5, "percent_covered": 0.0, "percent_covered_display": "0", "missing_lines": 5, "excluded_lines": 0, "percent_statements_covered": 0.0, "percent_statements_covered_display": "0"}, "missing_lines": [59, 60, 61, 62, 63], "excluded_lines": [], "start_line": 57}, "enhance_file": {"executed_lines": [], "summary": {"covered_lines": 0, "num_statements": 21, "percent_covered": 0.0, "percent_covered_display": "0", "missing_lines": 21, "excluded_lines": 0, "percent_statements_covered": 0.0, "percent_statements_covered_display": "0"}, "missing_lines": [72, 74, 75, 76, 77, 78, 79, 81, 82, 83, 84, 85, 86, 87, 88, 89, 90, 91, 93, 94, 95], "excluded_lines": [], "start_line": 66}, "StreamEnhancer.__init__": {"executed_lines": [], "summary": {"covered_lines": 0, "num_statements": 1, "percent_covered": 0.0, "percent_covered_display": "0", "missing_lines": 1, "excluded_lines": 0, "percent_statements_covered": 0.0, "percent_statements_covered_display": "0"}, "missing_lines": [106], "excluded_lines": [], "start_line": 105}, "StreamEnhancer.process": {"executed_lines": [], "summary": {"covered_lines": 0, "num_statements": 1, "percent_covered": 0.0, "percent_covered_display": "0", "missing_lines": 1, "excluded_lines": 0, "percent_statements_covered": 0.0, "percent_statements_covered_display": "0"}, "missing_lines": [109], "excluded_lines": [], "start_line": 108}, "StreamEnhancer.reset": {"executed_lines": [], "summary": {"covered_lines": 0, "num_statements": 1, "percent_covered": 0.0, "percent_covered_display": "0", "missing_lines": 1, "excluded_lines": 0, "percent_statements_covered": 0.0, "percent_statements_covered_display": "0"}, "missing_lines": [112], "excluded_lines": [], "start_line": 111}, "FrameRealigner.__init__": {"executed_lines": [], "summary": {"covered_lines": 0, "num_statements": 4, "percent_covered": 0.0, "percent_covered_display": "0", "missing_lines": 4, "excluded_lines": 0, "percent_statements_covered": 0.0, "percent_statements_covered_display": "0"}, "missing_lines": [119, 120, 121, 122], "excluded_lines": [], "start_line": 118}, "FrameRealigner.feed": {"executed_lines": [], "summary": {"covered_lines": 0, "num_statements": 10, "percent_covered": 0.0, "percent_covered_display": "0", "missing_lines": 10, "excluded_lines": 0, "percent_statements_covered": 0.0, "percent_statements_covered_display": "0"}, "missing_lines": [125, 126, 127, 128, 129, 130, 131, 132, 133, 134], "excluded_lines": [], "start_line": 124}, "": {"executed_lines": [], "summary": {"covered_lines": 0, "num_statements": 17, "percent_covered": 0.0, "percent_covered_display": "0", "missing_lines": 17, "excluded_lines": 0, "percent_statements_covered": 0.0, "percent_statements_covered_display": "0"}, "missing_lines": [19, 20, 22, 24, 25, 31, 38, 45, 57, 66, 98, 105, 108, 111, 115, 118, 124], "excluded_lines": [], "start_line": 1}}, "classes": {"StreamEnhancer": {"executed_lines": [], "summary": {"covered_lines": 0, "num_statements": 3, "percent_covered": 0.0, "percent_covered_display": "0", "missing_lines": 3, "excluded_lines": 0, "percent_statements_covered": 0.0, "percent_statements_covered_display": "0"}, "missing_lines": [106, 109, 112], "excluded_lines": [], "start_line": 98}, "FrameRealigner": {"executed_lines": [], "summary": {"covered_lines": 0, "num_statements": 14, "percent_covered": 0.0, "percent_covered_display": "0", "missing_lines": 14, "excluded_lines": 0, "percent_statements_covered": 0.0, "percent_statements_covered_display": "0"}, "missing_lines": [119, 120, 121, 122, 125, 126, 127, 128, 129, 130, 131, 132, 133, 134], "excluded_lines": [], "start_line": 115}, "": {"executed_lines": [], "summary": {"covered_lines": 0, "num_statements": 52, "percent_covered": 0.0, "percent_covered_display": "0", "missing_lines": 52, "excluded_lines": 0, "percent_statements_covered": 0.0, "percent_statements_covered_display": "0"}, "missing_lines": [19, 20, 22, 24, 25, 31, 38, 40, 41, 42, 45, 48, 49, 50, 51, 53, 54, 57, 59, 60, 61, 62, 63, 66, 72, 74, 75, 76, 77, 78, 79, 81, 82, 83, 84, 85, 86, 87, 88, 89, 90, 91, 93, 94, 95, 98, 105, 108, 111, 115, 118, 124], "excluded_lines": [], "start_line": 1}}}, "m2_server\\audiobook.py": {"executed_lines": [], "summary": {"covered_lines": 0, "num_statements": 170, "percent_covered": 0.0, "percent_covered_display": "0", "missing_lines": 170, "excluded_lines": 0, "percent_statements_covered": 0.0, "percent_statements_covered_display": "0"}, "missing_lines": [15, 16, 17, 19, 20, 21, 22, 24, 25, 27, 35, 36, 37, 38, 41, 43, 44, 45, 46, 47, 48, 49, 50, 51, 52, 53, 54, 55, 57, 59, 60, 61, 62, 63, 64, 65, 66, 67, 68, 70, 71, 72, 73, 74, 75, 76, 81, 86, 87, 90, 91, 94, 96, 97, 98, 99, 100, 101, 102, 103, 104, 105, 106, 107, 108, 113, 127, 128, 131, 132, 133, 134, 135, 138, 139, 140, 143, 144, 146, 147, 148, 149, 150, 151, 152, 154, 155, 156, 157, 158, 159, 161, 162, 163, 164, 166, 167, 182, 187, 190, 191, 192, 194, 195, 196, 197, 198, 199, 201, 202, 203, 204, 207, 208, 209, 210, 211, 212, 219, 220, 221, 223, 224, 225, 226, 227, 228, 229, 230, 239, 242, 243, 245, 246, 249, 250, 251, 252, 253, 254, 255, 256, 257, 260, 261, 262, 263, 265, 266, 268, 270, 271, 272, 273, 275, 276, 277, 279, 282, 291, 292, 295, 296, 297, 300, 301, 302, 303, 304, 305], "excluded_lines": [], "functions": {"split_sentences": {"executed_lines": [], "summary": {"covered_lines": 0, "num_statements": 31, "percent_covered": 0.0, "percent_covered_display": "0", "missing_lines": 31, "excluded_lines": 0, "percent_statements_covered": 0.0, "percent_statements_covered_display": "0"}, "missing_lines": [43, 44, 45, 46, 47, 48, 49, 50, 51, 52, 53, 54, 55, 57, 59, 60, 61, 62, 63, 64, 65, 66, 67, 68, 70, 71, 72, 73, 74, 75, 76], "excluded_lines": [], "start_line": 41}, "_srt_seconds": {"executed_lines": [], "summary": {"covered_lines": 0, "num_statements": 1, "percent_covered": 0.0, "percent_covered_display": "0", "missing_lines": 1, "excluded_lines": 0, "percent_statements_covered": 0.0, "percent_statements_covered_display": "0"}, "missing_lines": [87], "excluded_lines": [], "start_line": 86}, "looks_like_srt": {"executed_lines": [], "summary": {"covered_lines": 0, "num_statements": 1, "percent_covered": 0.0, "percent_covered_display": "0", "missing_lines": 1, "excluded_lines": 0, "percent_statements_covered": 0.0, "percent_statements_covered_display": "0"}, "missing_lines": [91], "excluded_lines": [], "start_line": 90}, "parse_srt": {"executed_lines": [], "summary": {"covered_lines": 0, "num_statements": 13, "percent_covered": 0.0, "percent_covered_display": "0", "missing_lines": 13, "excluded_lines": 0, "percent_statements_covered": 0.0, "percent_statements_covered_display": "0"}, "missing_lines": [96, 97, 98, 99, 100, 101, 102, 103, 104, 105, 106, 107, 108], "excluded_lines": [], "start_line": 94}, "_detect_lang": {"executed_lines": [], "summary": {"covered_lines": 0, "num_statements": 2, "percent_covered": 0.0, "percent_covered_display": "0", "missing_lines": 2, "excluded_lines": 0, "percent_statements_covered": 0.0, "percent_statements_covered_display": "0"}, "missing_lines": [139, 140], "excluded_lines": [], "start_line": 138}, "audiobook_run": {"executed_lines": [], "summary": {"covered_lines": 0, "num_statements": 21, "percent_covered": 0.0, "percent_covered_display": "0", "missing_lines": 21, "excluded_lines": 0, "percent_statements_covered": 0.0, "percent_statements_covered_display": "0"}, "missing_lines": [146, 147, 148, 149, 150, 151, 152, 154, 155, 156, 157, 158, 159, 161, 162, 163, 164, 166, 167, 182, 187], "excluded_lines": [], "start_line": 144}, "_audiobook_worker": {"executed_lines": [], "summary": {"covered_lines": 0, "num_statements": 61, "percent_covered": 0.0, "percent_covered_display": "0", "missing_lines": 61, "excluded_lines": 0, "percent_statements_covered": 0.0, "percent_statements_covered_display": "0"}, "missing_lines": [191, 192, 194, 195, 196, 197, 198, 199, 201, 202, 203, 204, 207, 208, 209, 210, 211, 212, 219, 220, 221, 223, 224, 225, 226, 227, 228, 229, 230, 239, 242, 243, 245, 246, 249, 250, 251, 252, 253, 254, 255, 256, 257, 260, 261, 262, 263, 265, 266, 268, 270, 271, 272, 273, 275, 276, 277, 279, 282, 291, 292], "excluded_lines": [], "start_line": 190}, "audiobook_status": {"executed_lines": [], "summary": {"covered_lines": 0, "num_statements": 1, "percent_covered": 0.0, "percent_covered_display": "0", "missing_lines": 1, "excluded_lines": 0, "percent_statements_covered": 0.0, "percent_statements_covered_display": "0"}, "missing_lines": [297], "excluded_lines": [], "start_line": 296}, "audiobook_cancel": {"executed_lines": [], "summary": {"covered_lines": 0, "num_statements": 4, "percent_covered": 0.0, "percent_covered_display": "0", "missing_lines": 4, "excluded_lines": 0, "percent_statements_covered": 0.0, "percent_statements_covered_display": "0"}, "missing_lines": [302, 303, 304, 305], "excluded_lines": [], "start_line": 301}, "": {"executed_lines": [], "summary": {"covered_lines": 0, "num_statements": 35, "percent_covered": 0.0, "percent_covered_display": "0", "missing_lines": 35, "excluded_lines": 0, "percent_statements_covered": 0.0, "percent_statements_covered_display": "0"}, "missing_lines": [15, 16, 17, 19, 20, 21, 22, 24, 25, 27, 35, 36, 37, 38, 41, 81, 86, 90, 94, 113, 127, 128, 131, 132, 133, 134, 135, 138, 143, 144, 190, 295, 296, 300, 301], "excluded_lines": [], "start_line": 1}}, "classes": {"AudiobookRequest": {"executed_lines": [], "summary": {"covered_lines": 0, "num_statements": 0, "percent_covered": 100.0, "percent_covered_display": "100", "missing_lines": 0, "excluded_lines": 0, "percent_statements_covered": 100.0, "percent_statements_covered_display": "100"}, "missing_lines": [], "excluded_lines": [], "start_line": 131}, "": {"executed_lines": [], "summary": {"covered_lines": 0, "num_statements": 170, "percent_covered": 0.0, "percent_covered_display": "0", "missing_lines": 170, "excluded_lines": 0, "percent_statements_covered": 0.0, "percent_statements_covered_display": "0"}, "missing_lines": [15, 16, 17, 19, 20, 21, 22, 24, 25, 27, 35, 36, 37, 38, 41, 43, 44, 45, 46, 47, 48, 49, 50, 51, 52, 53, 54, 55, 57, 59, 60, 61, 62, 63, 64, 65, 66, 67, 68, 70, 71, 72, 73, 74, 75, 76, 81, 86, 87, 90, 91, 94, 96, 97, 98, 99, 100, 101, 102, 103, 104, 105, 106, 107, 108, 113, 127, 128, 131, 132, 133, 134, 135, 138, 139, 140, 143, 144, 146, 147, 148, 149, 150, 151, 152, 154, 155, 156, 157, 158, 159, 161, 162, 163, 164, 166, 167, 182, 187, 190, 191, 192, 194, 195, 196, 197, 198, 199, 201, 202, 203, 204, 207, 208, 209, 210, 211, 212, 219, 220, 221, 223, 224, 225, 226, 227, 228, 229, 230, 239, 242, 243, 245, 246, 249, 250, 251, 252, 253, 254, 255, 256, 257, 260, 261, 262, 263, 265, 266, 268, 270, 271, 272, 273, 275, 276, 277, 279, 282, 291, 292, 295, 296, 297, 300, 301, 302, 303, 304, 305], "excluded_lines": [], "start_line": 1}}}, "m2_server\\audition_api.py": {"executed_lines": [], "summary": {"covered_lines": 0, "num_statements": 491, "percent_covered": 0.0, "percent_covered_display": "0", "missing_lines": 491, "excluded_lines": 0, "percent_statements_covered": 0.0, "percent_statements_covered_display": "0"}, "missing_lines": [32, 33, 34, 35, 36, 37, 38, 39, 40, 41, 43, 44, 45, 46, 47, 48, 49, 50, 51, 52, 54, 56, 58, 59, 62, 63, 65, 68, 69, 73, 74, 77, 78, 80, 98, 104, 110, 111, 112, 113, 114, 115, 116, 117, 118, 119, 120, 121, 122, 123, 126, 133, 134, 135, 136, 137, 138, 139, 140, 141, 142, 143, 146, 148, 149, 150, 151, 152, 158, 167, 168, 169, 170, 171, 172, 173, 174, 175, 176, 177, 178, 179, 180, 181, 182, 184, 190, 200, 201, 202, 203, 204, 205, 206, 207, 208, 217, 218, 219, 220, 221, 229, 230, 238, 239, 247, 248, 252, 253, 254, 257, 259, 260, 262, 263, 264, 265, 271, 288, 289, 291, 292, 293, 305, 306, 309, 312, 316, 317, 318, 321, 331, 332, 333, 335, 336, 337, 338, 342, 343, 345, 346, 347, 348, 349, 351, 352, 353, 354, 355, 357, 358, 359, 360, 366, 367, 368, 371, 372, 373, 376, 378, 379, 380, 381, 382, 383, 389, 396, 397, 400, 407, 408, 409, 410, 411, 412, 413, 421, 422, 423, 424, 425, 426, 427, 428, 429, 430, 431, 432, 433, 434, 436, 437, 440, 452, 453, 456, 457, 458, 464, 465, 466, 471, 484, 485, 486, 487, 488, 489, 490, 491, 492, 493, 495, 509, 510, 511, 512, 513, 514, 515, 516, 518, 524, 525, 529, 530, 531, 532, 538, 539, 540, 541, 542, 543, 544, 554, 555, 557, 558, 559, 560, 561, 562, 568, 569, 574, 575, 576, 577, 579, 580, 581, 582, 583, 584, 586, 587, 588, 589, 590, 592, 593, 594, 595, 596, 597, 599, 600, 601, 603, 604, 605, 607, 608, 609, 611, 612, 613, 615, 616, 617, 618, 619, 620, 621, 623, 624, 625, 626, 628, 629, 630, 635, 636, 637, 638, 639, 659, 660, 662, 664, 665, 666, 667, 668, 669, 670, 671, 672, 681, 684, 692, 693, 694, 695, 696, 697, 700, 702, 703, 704, 705, 706, 707, 708, 709, 710, 713, 716, 717, 718, 719, 720, 721, 722, 723, 724, 728, 729, 730, 731, 733, 734, 735, 736, 737, 738, 739, 742, 743, 744, 749, 750, 757, 758, 760, 761, 764, 765, 766, 769, 770, 771, 772, 775, 776, 782, 783, 784, 785, 786, 787, 788, 789, 790, 791, 793, 794, 795, 796, 797, 805, 806, 807, 808, 809, 810, 812, 815, 816, 822, 823, 824, 825, 826, 827, 828, 829, 830, 831, 833, 834, 835, 836, 837, 838, 839, 840, 841, 842, 844, 845, 846, 847, 849, 850, 851, 852, 854, 855, 856, 857, 858, 860, 861, 864, 865, 866, 867, 868, 869, 871, 872, 875, 876, 877, 878, 879, 880, 882, 883, 884, 885, 886, 887, 889, 890, 891, 892, 893, 895, 896, 897, 915, 929, 938, 939, 941, 944, 945, 947, 948, 949, 950, 951, 954, 955, 957, 958, 959, 960, 961, 962, 963, 964, 965, 966, 967, 968, 969, 970, 973, 974, 976, 977, 978, 980, 981, 982], "excluded_lines": [], "functions": {"_display_name": {"executed_lines": [], "summary": {"covered_lines": 0, "num_statements": 14, "percent_covered": 0.0, "percent_covered_display": "0", "missing_lines": 14, "excluded_lines": 0, "percent_statements_covered": 0.0, "percent_statements_covered_display": "0"}, "missing_lines": [110, 111, 112, 113, 114, 115, 116, 117, 118, 119, 120, 121, 122, 123], "excluded_lines": [], "start_line": 104}, "_voicebank_for": {"executed_lines": [], "summary": {"covered_lines": 0, "num_statements": 11, "percent_covered": 0.0, "percent_covered_display": "0", "missing_lines": 11, "excluded_lines": 0, "percent_statements_covered": 0.0, "percent_statements_covered_display": "0"}, "missing_lines": [133, 134, 135, 136, 137, 138, 139, 140, 141, 142, 143], "excluded_lines": [], "start_line": 126}, "_ref_for": {"executed_lines": [], "summary": {"covered_lines": 0, "num_statements": 5, "percent_covered": 0.0, "percent_covered_display": "0", "missing_lines": 5, "excluded_lines": 0, "percent_statements_covered": 0.0, "percent_statements_covered_display": "0"}, "missing_lines": [148, 149, 150, 151, 152], "excluded_lines": [], "start_line": 146}, "_resolve_weight": {"executed_lines": [], "summary": {"covered_lines": 0, "num_statements": 17, "percent_covered": 0.0, "percent_covered_display": "0", "missing_lines": 17, "excluded_lines": 0, "percent_statements_covered": 0.0, "percent_statements_covered_display": "0"}, "missing_lines": [167, 168, 169, 170, 171, 172, 173, 174, 175, 176, 177, 178, 179, 180, 181, 182, 184], "excluded_lines": [], "start_line": 158}, "_score_batch": {"executed_lines": [], "summary": {"covered_lines": 0, "num_statements": 23, "percent_covered": 0.0, "percent_covered_display": "0", "missing_lines": 23, "excluded_lines": 0, "percent_statements_covered": 0.0, "percent_statements_covered_display": "0"}, "missing_lines": [200, 201, 202, 203, 204, 205, 206, 207, 208, 217, 218, 219, 220, 221, 229, 230, 238, 239, 247, 248, 252, 253, 254], "excluded_lines": [], "start_line": 190}, "_duration_s": {"executed_lines": [], "summary": {"covered_lines": 0, "num_statements": 6, "percent_covered": 0.0, "percent_covered_display": "0", "missing_lines": 6, "excluded_lines": 0, "percent_statements_covered": 0.0, "percent_statements_covered_display": "0"}, "missing_lines": [259, 260, 262, 263, 264, 265], "excluded_lines": [], "start_line": 257}, "_convert_with_worker": {"executed_lines": [], "summary": {"covered_lines": 0, "num_statements": 8, "percent_covered": 0.0, "percent_covered_display": "0", "missing_lines": 8, "excluded_lines": 0, "percent_statements_covered": 0.0, "percent_statements_covered_display": "0"}, "missing_lines": [288, 289, 291, 292, 293, 305, 306, 309], "excluded_lines": [], "start_line": 271}, "_cache_path": {"executed_lines": [], "summary": {"covered_lines": 0, "num_statements": 3, "percent_covered": 0.0, "percent_covered_display": "0", "missing_lines": 3, "excluded_lines": 0, "percent_statements_covered": 0.0, "percent_statements_covered_display": "0"}, "missing_lines": [316, 317, 318], "excluded_lines": [], "start_line": 312}, "_try_one": {"executed_lines": [], "summary": {"covered_lines": 0, "num_statements": 23, "percent_covered": 0.0, "percent_covered_display": "0", "missing_lines": 23, "excluded_lines": 0, "percent_statements_covered": 0.0, "percent_statements_covered_display": "0"}, "missing_lines": [331, 332, 333, 335, 336, 337, 338, 342, 343, 345, 346, 347, 348, 349, 351, 352, 353, 354, 355, 357, 358, 359, 360], "excluded_lines": [], "start_line": 321}, "_mark": {"executed_lines": [], "summary": {"covered_lines": 0, "num_statements": 2, "percent_covered": 0.0, "percent_covered_display": "0", "missing_lines": 2, "excluded_lines": 0, "percent_statements_covered": 0.0, "percent_statements_covered_display": "0"}, "missing_lines": [367, 368], "excluded_lines": [], "start_line": 366}, "_snapshot": {"executed_lines": [], "summary": {"covered_lines": 0, "num_statements": 2, "percent_covered": 0.0, "percent_covered_display": "0", "missing_lines": 2, "excluded_lines": 0, "percent_statements_covered": 0.0, "percent_statements_covered_display": "0"}, "missing_lines": [372, 373], "excluded_lines": [], "start_line": 371}, "_set_result": {"executed_lines": [], "summary": {"covered_lines": 0, "num_statements": 6, "percent_covered": 0.0, "percent_covered_display": "0", "missing_lines": 6, "excluded_lines": 0, "percent_statements_covered": 0.0, "percent_statements_covered_display": "0"}, "missing_lines": [378, 379, 380, 381, 382, 383], "excluded_lines": [], "start_line": 376}, "_same_task": {"executed_lines": [], "summary": {"covered_lines": 0, "num_statements": 2, "percent_covered": 0.0, "percent_covered_display": "0", "missing_lines": 2, "excluded_lines": 0, "percent_statements_covered": 0.0, "percent_statements_covered_display": "0"}, "missing_lines": [396, 397], "excluded_lines": [], "start_line": 389}, "_score_pass": {"executed_lines": [], "summary": {"covered_lines": 0, "num_statements": 23, "percent_covered": 0.0, "percent_covered_display": "0", "missing_lines": 23, "excluded_lines": 0, "percent_statements_covered": 0.0, "percent_statements_covered_display": "0"}, "missing_lines": [407, 408, 409, 410, 411, 412, 413, 421, 422, 423, 424, 425, 426, 427, 428, 429, 430, 431, 432, 433, 434, 436, 437], "excluded_lines": [], "start_line": 400}, "_worker": {"executed_lines": [], "summary": {"covered_lines": 0, "num_statements": 50, "percent_covered": 0.0, "percent_covered_display": "0", "missing_lines": 50, "excluded_lines": 0, "percent_statements_covered": 0.0, "percent_statements_covered_display": "0"}, "missing_lines": [452, 453, 456, 457, 458, 464, 465, 466, 471, 484, 485, 486, 487, 488, 489, 490, 491, 492, 493, 495, 509, 510, 511, 512, 513, 514, 515, 516, 518, 524, 525, 529, 530, 531, 532, 538, 539, 540, 541, 542, 543, 544, 554, 555, 557, 558, 559, 560, 561, 562], "excluded_lines": [], "start_line": 440}, "audition_env": {"executed_lines": [], "summary": {"covered_lines": 0, "num_statements": 52, "percent_covered": 0.0, "percent_covered_display": "0", "missing_lines": 52, "excluded_lines": 0, "percent_statements_covered": 0.0, "percent_statements_covered_display": "0"}, "missing_lines": [574, 575, 576, 577, 579, 580, 581, 582, 583, 584, 586, 587, 588, 589, 590, 592, 593, 594, 595, 596, 597, 599, 600, 601, 603, 604, 605, 607, 608, 609, 611, 612, 613, 615, 616, 617, 618, 619, 620, 621, 623, 624, 625, 626, 628, 629, 630, 635, 636, 637, 638, 639], "excluded_lines": [], "start_line": 569}, "audition_sources": {"executed_lines": [], "summary": {"covered_lines": 0, "num_statements": 11, "percent_covered": 0.0, "percent_covered_display": "0", "missing_lines": 11, "excluded_lines": 0, "percent_statements_covered": 0.0, "percent_statements_covered_display": "0"}, "missing_lines": [662, 664, 665, 666, 667, 668, 669, 670, 671, 672, 681], "excluded_lines": [], "start_line": 660}, "_active_source_id": {"executed_lines": [], "summary": {"covered_lines": 0, "num_statements": 6, "percent_covered": 0.0, "percent_covered_display": "0", "missing_lines": 6, "excluded_lines": 0, "percent_statements_covered": 0.0, "percent_statements_covered_display": "0"}, "missing_lines": [692, 693, 694, 695, 696, 697], "excluded_lines": [], "start_line": 684}, "_prune_sources": {"executed_lines": [], "summary": {"covered_lines": 0, "num_statements": 9, "percent_covered": 0.0, "percent_covered_display": "0", "missing_lines": 9, "excluded_lines": 0, "percent_statements_covered": 0.0, "percent_statements_covered_display": "0"}, "missing_lines": [702, 703, 704, 705, 706, 707, 708, 709, 710], "excluded_lines": [], "start_line": 700}, "_store_source": {"executed_lines": [], "summary": {"covered_lines": 0, "num_statements": 25, "percent_covered": 0.0, "percent_covered_display": "0", "missing_lines": 25, "excluded_lines": 0, "percent_statements_covered": 0.0, "percent_statements_covered_display": "0"}, "missing_lines": [716, 717, 718, 719, 720, 721, 722, 723, 724, 728, 729, 730, 731, 733, 734, 735, 736, 737, 738, 739, 742, 743, 744, 749, 750], "excluded_lines": [], "start_line": 713}, "audition_source": {"executed_lines": [], "summary": {"covered_lines": 0, "num_statements": 9, "percent_covered": 0.0, "percent_covered_display": "0", "missing_lines": 9, "excluded_lines": 0, "percent_statements_covered": 0.0, "percent_statements_covered_display": "0"}, "missing_lines": [760, 761, 764, 765, 766, 769, 770, 771, 772], "excluded_lines": [], "start_line": 758}, "audition_source_builtin": {"executed_lines": [], "summary": {"covered_lines": 0, "num_statements": 15, "percent_covered": 0.0, "percent_covered_display": "0", "missing_lines": 15, "excluded_lines": 0, "percent_statements_covered": 0.0, "percent_statements_covered_display": "0"}, "missing_lines": [782, 783, 784, 785, 786, 787, 788, 789, 790, 791, 793, 794, 795, 796, 797], "excluded_lines": [], "start_line": 776}, "audition_try": {"executed_lines": [], "summary": {"covered_lines": 0, "num_statements": 65, "percent_covered": 0.0, "percent_covered_display": "0", "missing_lines": 65, "excluded_lines": 0, "percent_statements_covered": 0.0, "percent_statements_covered_display": "0"}, "missing_lines": [822, 823, 824, 825, 826, 827, 828, 829, 830, 831, 833, 834, 835, 836, 837, 838, 839, 840, 841, 842, 844, 845, 846, 847, 849, 850, 851, 852, 854, 855, 856, 857, 858, 860, 861, 864, 865, 866, 867, 868, 869, 871, 872, 875, 876, 877, 878, 879, 880, 882, 883, 884, 885, 886, 887, 889, 890, 891, 892, 893, 895, 896, 897, 915, 929], "excluded_lines": [], "start_line": 816}, "audition_task": {"executed_lines": [], "summary": {"covered_lines": 0, "num_statements": 1, "percent_covered": 0.0, "percent_covered_display": "0", "missing_lines": 1, "excluded_lines": 0, "percent_statements_covered": 0.0, "percent_statements_covered_display": "0"}, "missing_lines": [941], "excluded_lines": [], "start_line": 939}, "audition_cancel": {"executed_lines": [], "summary": {"covered_lines": 0, "num_statements": 5, "percent_covered": 0.0, "percent_covered_display": "0", "missing_lines": 5, "excluded_lines": 0, "percent_statements_covered": 0.0, "percent_statements_covered_display": "0"}, "missing_lines": [947, 948, 949, 950, 951], "excluded_lines": [], "start_line": 945}, "audition_source_delete": {"executed_lines": [], "summary": {"covered_lines": 0, "num_statements": 14, "percent_covered": 0.0, "percent_covered_display": "0", "missing_lines": 14, "excluded_lines": 0, "percent_statements_covered": 0.0, "percent_statements_covered_display": "0"}, "missing_lines": [957, 958, 959, 960, 961, 962, 963, 964, 965, 966, 967, 968, 969, 970], "excluded_lines": [], "start_line": 955}, "audition_history": {"executed_lines": [], "summary": {"covered_lines": 0, "num_statements": 6, "percent_covered": 0.0, "percent_covered_display": "0", "missing_lines": 6, "excluded_lines": 0, "percent_statements_covered": 0.0, "percent_statements_covered_display": "0"}, "missing_lines": [976, 977, 978, 980, 981, 982], "excluded_lines": [], "start_line": 974}, "": {"executed_lines": [], "summary": {"covered_lines": 0, "num_statements": 78, "percent_covered": 0.0, "percent_covered_display": "0", "missing_lines": 78, "excluded_lines": 0, "percent_statements_covered": 0.0, "percent_statements_covered_display": "0"}, "missing_lines": [32, 33, 34, 35, 36, 37, 38, 39, 40, 41, 43, 44, 45, 46, 47, 48, 49, 50, 51, 52, 54, 56, 58, 59, 62, 63, 65, 68, 69, 73, 74, 77, 78, 80, 98, 104, 126, 146, 158, 190, 257, 271, 312, 321, 366, 371, 376, 389, 400, 440, 568, 569, 659, 660, 684, 700, 713, 757, 758, 775, 776, 805, 806, 807, 808, 809, 810, 812, 815, 816, 938, 939, 944, 945, 954, 955, 973, 974], "excluded_lines": [], "start_line": 1}}, "classes": {"TryRequest": {"executed_lines": [], "summary": {"covered_lines": 0, "num_statements": 0, "percent_covered": 100.0, "percent_covered_display": "100", "missing_lines": 0, "excluded_lines": 0, "percent_statements_covered": 100.0, "percent_statements_covered_display": "100"}, "missing_lines": [], "excluded_lines": [], "start_line": 805}, "": {"executed_lines": [], "summary": {"covered_lines": 0, "num_statements": 491, "percent_covered": 0.0, "percent_covered_display": "0", "missing_lines": 491, "excluded_lines": 0, "percent_statements_covered": 0.0, "percent_statements_covered_display": "0"}, "missing_lines": [32, 33, 34, 35, 36, 37, 38, 39, 40, 41, 43, 44, 45, 46, 47, 48, 49, 50, 51, 52, 54, 56, 58, 59, 62, 63, 65, 68, 69, 73, 74, 77, 78, 80, 98, 104, 110, 111, 112, 113, 114, 115, 116, 117, 118, 119, 120, 121, 122, 123, 126, 133, 134, 135, 136, 137, 138, 139, 140, 141, 142, 143, 146, 148, 149, 150, 151, 152, 158, 167, 168, 169, 170, 171, 172, 173, 174, 175, 176, 177, 178, 179, 180, 181, 182, 184, 190, 200, 201, 202, 203, 204, 205, 206, 207, 208, 217, 218, 219, 220, 221, 229, 230, 238, 239, 247, 248, 252, 253, 254, 257, 259, 260, 262, 263, 264, 265, 271, 288, 289, 291, 292, 293, 305, 306, 309, 312, 316, 317, 318, 321, 331, 332, 333, 335, 336, 337, 338, 342, 343, 345, 346, 347, 348, 349, 351, 352, 353, 354, 355, 357, 358, 359, 360, 366, 367, 368, 371, 372, 373, 376, 378, 379, 380, 381, 382, 383, 389, 396, 397, 400, 407, 408, 409, 410, 411, 412, 413, 421, 422, 423, 424, 425, 426, 427, 428, 429, 430, 431, 432, 433, 434, 436, 437, 440, 452, 453, 456, 457, 458, 464, 465, 466, 471, 484, 485, 486, 487, 488, 489, 490, 491, 492, 493, 495, 509, 510, 511, 512, 513, 514, 515, 516, 518, 524, 525, 529, 530, 531, 532, 538, 539, 540, 541, 542, 543, 544, 554, 555, 557, 558, 559, 560, 561, 562, 568, 569, 574, 575, 576, 577, 579, 580, 581, 582, 583, 584, 586, 587, 588, 589, 590, 592, 593, 594, 595, 596, 597, 599, 600, 601, 603, 604, 605, 607, 608, 609, 611, 612, 613, 615, 616, 617, 618, 619, 620, 621, 623, 624, 625, 626, 628, 629, 630, 635, 636, 637, 638, 639, 659, 660, 662, 664, 665, 666, 667, 668, 669, 670, 671, 672, 681, 684, 692, 693, 694, 695, 696, 697, 700, 702, 703, 704, 705, 706, 707, 708, 709, 710, 713, 716, 717, 718, 719, 720, 721, 722, 723, 724, 728, 729, 730, 731, 733, 734, 735, 736, 737, 738, 739, 742, 743, 744, 749, 750, 757, 758, 760, 761, 764, 765, 766, 769, 770, 771, 772, 775, 776, 782, 783, 784, 785, 786, 787, 788, 789, 790, 791, 793, 794, 795, 796, 797, 805, 806, 807, 808, 809, 810, 812, 815, 816, 822, 823, 824, 825, 826, 827, 828, 829, 830, 831, 833, 834, 835, 836, 837, 838, 839, 840, 841, 842, 844, 845, 846, 847, 849, 850, 851, 852, 854, 855, 856, 857, 858, 860, 861, 864, 865, 866, 867, 868, 869, 871, 872, 875, 876, 877, 878, 879, 880, 882, 883, 884, 885, 886, 887, 889, 890, 891, 892, 893, 895, 896, 897, 915, 929, 938, 939, 941, 944, 945, 947, 948, 949, 950, 951, 954, 955, 957, 958, 959, 960, 961, 962, 963, 964, 965, 966, 967, 968, 969, 970, 973, 974, 976, 977, 978, 980, 981, 982], "excluded_lines": [], "start_line": 1}}}, "m2_server\\audition_score.py": {"executed_lines": [], "summary": {"covered_lines": 0, "num_statements": 71, "percent_covered": 0.0, "percent_covered_display": "0", "missing_lines": 71, "excluded_lines": 2, "percent_statements_covered": 0.0, "percent_statements_covered_display": "0"}, "missing_lines": [24, 25, 26, 27, 28, 32, 33, 35, 38, 41, 42, 43, 44, 47, 48, 49, 51, 52, 53, 56, 59, 62, 63, 64, 65, 66, 67, 68, 69, 70, 71, 74, 76, 77, 78, 79, 80, 81, 82, 83, 84, 85, 86, 87, 88, 91, 92, 93, 94, 95, 97, 99, 100, 101, 102, 106, 108, 109, 110, 111, 112, 113, 114, 115, 116, 117, 118, 119, 121, 122, 123], "excluded_lines": [126, 127], "functions": {"_prepare_paths": {"executed_lines": [], "summary": {"covered_lines": 0, "num_statements": 4, "percent_covered": 0.0, "percent_covered_display": "0", "missing_lines": 4, "excluded_lines": 0, "percent_statements_covered": 0.0, "percent_statements_covered_display": "0"}, "missing_lines": [41, 42, 43, 44], "excluded_lines": [], "start_line": 38}, "_secs": {"executed_lines": [], "summary": {"covered_lines": 0, "num_statements": 5, "percent_covered": 0.0, "percent_covered_display": "0", "missing_lines": 5, "excluded_lines": 0, "percent_statements_covered": 0.0, "percent_statements_covered_display": "0"}, "missing_lines": [48, 49, 51, 52, 53], "excluded_lines": [], "start_line": 47}, "_nats_scorer": {"executed_lines": [], "summary": {"covered_lines": 0, "num_statements": 10, "percent_covered": 0.0, "percent_covered_display": "0", "missing_lines": 10, "excluded_lines": 0, "percent_statements_covered": 0.0, "percent_statements_covered_display": "0"}, "missing_lines": [62, 63, 64, 65, 66, 67, 68, 69, 70, 71], "excluded_lines": [], "start_line": 59}, "score_one": {"executed_lines": [], "summary": {"covered_lines": 0, "num_statements": 13, "percent_covered": 0.0, "percent_covered_display": "0", "missing_lines": 13, "excluded_lines": 0, "percent_statements_covered": 0.0, "percent_statements_covered_display": "0"}, "missing_lines": [76, 77, 78, 79, 80, 81, 82, 83, 84, 85, 86, 87, 88], "excluded_lines": [], "start_line": 74}, "main": {"executed_lines": [], "summary": {"covered_lines": 0, "num_statements": 25, "percent_covered": 0.0, "percent_covered_display": "0", "missing_lines": 25, "excluded_lines": 0, "percent_statements_covered": 0.0, "percent_statements_covered_display": "0"}, "missing_lines": [92, 93, 94, 95, 97, 99, 100, 101, 102, 106, 108, 109, 110, 111, 112, 113, 114, 115, 116, 117, 118, 119, 121, 122, 123], "excluded_lines": [], "start_line": 91}, "": {"executed_lines": [], "summary": {"covered_lines": 0, "num_statements": 14, "percent_covered": 0.0, "percent_covered_display": "0", "missing_lines": 14, "excluded_lines": 2, "percent_statements_covered": 0.0, "percent_statements_covered_display": "0"}, "missing_lines": [24, 25, 26, 27, 28, 32, 33, 35, 38, 47, 56, 59, 74, 91], "excluded_lines": [126, 127], "start_line": 1}}, "classes": {"": {"executed_lines": [], "summary": {"covered_lines": 0, "num_statements": 71, "percent_covered": 0.0, "percent_covered_display": "0", "missing_lines": 71, "excluded_lines": 2, "percent_statements_covered": 0.0, "percent_statements_covered_display": "0"}, "missing_lines": [24, 25, 26, 27, 28, 32, 33, 35, 38, 41, 42, 43, 44, 47, 48, 49, 51, 52, 53, 56, 59, 62, 63, 64, 65, 66, 67, 68, 69, 70, 71, 74, 76, 77, 78, 79, 80, 81, 82, 83, 84, 85, 86, 87, 88, 91, 92, 93, 94, 95, 97, 99, 100, 101, 102, 106, 108, 109, 110, 111, 112, 113, 114, 115, 116, 117, 118, 119, 121, 122, 123], "excluded_lines": [126, 127], "start_line": 1}}}, "m2_server\\backend_autosync.py": {"executed_lines": [], "summary": {"covered_lines": 0, "num_statements": 112, "percent_covered": 0.0, "percent_covered_display": "0", "missing_lines": 112, "excluded_lines": 0, "percent_statements_covered": 0.0, "percent_statements_covered_display": "0"}, "missing_lines": [21, 23, 24, 25, 26, 27, 28, 30, 33, 34, 37, 44, 45, 48, 49, 50, 51, 52, 53, 56, 58, 59, 60, 61, 62, 63, 64, 65, 66, 67, 68, 69, 72, 74, 76, 79, 80, 81, 82, 83, 84, 85, 86, 87, 88, 91, 97, 98, 99, 100, 103, 104, 105, 107, 108, 109, 112, 113, 114, 116, 117, 118, 119, 120, 121, 122, 123, 124, 127, 128, 129, 130, 131, 132, 133, 134, 135, 136, 137, 138, 139, 140, 141, 142, 143, 144, 145, 146, 147, 148, 149, 150, 151, 152, 153, 154, 162, 163, 164, 165, 166, 167, 170, 172, 173, 174, 175, 180, 181, 182, 183, 184], "excluded_lines": [], "functions": {"_excluded": {"executed_lines": [], "summary": {"covered_lines": 0, "num_statements": 1, "percent_covered": 0.0, "percent_covered_display": "0", "missing_lines": 1, "excluded_lines": 0, "percent_statements_covered": 0.0, "percent_statements_covered_display": "0"}, "missing_lines": [45], "excluded_lines": [], "start_line": 44}, "_md5": {"executed_lines": [], "summary": {"covered_lines": 0, "num_statements": 5, "percent_covered": 0.0, "percent_covered_display": "0", "missing_lines": 5, "excluded_lines": 0, "percent_statements_covered": 0.0, "percent_statements_covered_display": "0"}, "missing_lines": [49, 50, 51, 52, 53], "excluded_lines": [], "start_line": 48}, "_walk": {"executed_lines": [], "summary": {"covered_lines": 0, "num_statements": 12, "percent_covered": 0.0, "percent_covered_display": "0", "missing_lines": 12, "excluded_lines": 0, "percent_statements_covered": 0.0, "percent_statements_covered_display": "0"}, "missing_lines": [58, 59, 60, 61, 62, 63, 64, 65, 66, 67, 68, 69], "excluded_lines": [], "start_line": 56}, "_prune_empty_dirs": {"executed_lines": [], "summary": {"covered_lines": 0, "num_statements": 12, "percent_covered": 0.0, "percent_covered_display": "0", "missing_lines": 12, "excluded_lines": 0, "percent_statements_covered": 0.0, "percent_statements_covered_display": "0"}, "missing_lines": [74, 76, 79, 80, 81, 82, 83, 84, 85, 86, 87, 88], "excluded_lines": [], "start_line": 72}, "sync_backend_copy": {"executed_lines": [], "summary": {"covered_lines": 0, "num_statements": 56, "percent_covered": 0.0, "percent_covered_display": "0", "missing_lines": 56, "excluded_lines": 0, "percent_statements_covered": 0.0, "percent_statements_covered_display": "0"}, "missing_lines": [97, 98, 99, 100, 103, 104, 105, 107, 108, 109, 112, 113, 114, 116, 117, 118, 119, 120, 121, 122, 123, 124, 127, 128, 129, 130, 131, 132, 133, 134, 135, 136, 137, 138, 139, 140, 141, 142, 143, 144, 145, 146, 147, 148, 149, 150, 151, 152, 153, 154, 162, 163, 164, 165, 166, 167], "excluded_lines": [], "start_line": 91}, "autostart_sync": {"executed_lines": [], "summary": {"covered_lines": 0, "num_statements": 4, "percent_covered": 0.0, "percent_covered_display": "0", "missing_lines": 4, "excluded_lines": 0, "percent_statements_covered": 0.0, "percent_statements_covered_display": "0"}, "missing_lines": [172, 173, 174, 175], "excluded_lines": [], "start_line": 170}, "_run_safe": {"executed_lines": [], "summary": {"covered_lines": 0, "num_statements": 4, "percent_covered": 0.0, "percent_covered_display": "0", "missing_lines": 4, "excluded_lines": 0, "percent_statements_covered": 0.0, "percent_statements_covered_display": "0"}, "missing_lines": [181, 182, 183, 184], "excluded_lines": [], "start_line": 180}, "": {"executed_lines": [], "summary": {"covered_lines": 0, "num_statements": 18, "percent_covered": 0.0, "percent_covered_display": "0", "missing_lines": 18, "excluded_lines": 0, "percent_statements_covered": 0.0, "percent_statements_covered_display": "0"}, "missing_lines": [21, 23, 24, 25, 26, 27, 28, 30, 33, 34, 37, 44, 48, 56, 72, 91, 170, 180], "excluded_lines": [], "start_line": 1}}, "classes": {"": {"executed_lines": [], "summary": {"covered_lines": 0, "num_statements": 112, "percent_covered": 0.0, "percent_covered_display": "0", "missing_lines": 112, "excluded_lines": 0, "percent_statements_covered": 0.0, "percent_statements_covered_display": "0"}, "missing_lines": [21, 23, 24, 25, 26, 27, 28, 30, 33, 34, 37, 44, 45, 48, 49, 50, 51, 52, 53, 56, 58, 59, 60, 61, 62, 63, 64, 65, 66, 67, 68, 69, 72, 74, 76, 79, 80, 81, 82, 83, 84, 85, 86, 87, 88, 91, 97, 98, 99, 100, 103, 104, 105, 107, 108, 109, 112, 113, 114, 116, 117, 118, 119, 120, 121, 122, 123, 124, 127, 128, 129, 130, 131, 132, 133, 134, 135, 136, 137, 138, 139, 140, 141, 142, 143, 144, 145, 146, 147, 148, 149, 150, 151, 152, 153, 154, 162, 163, 164, 165, 166, 167, 170, 172, 173, 174, 175, 180, 181, 182, 183, 184], "excluded_lines": [], "start_line": 1}}}, "m2_server\\capture_api.py": {"executed_lines": [], "summary": {"covered_lines": 0, "num_statements": 48, "percent_covered": 0.0, "percent_covered_display": "0", "missing_lines": 48, "excluded_lines": 0, "percent_statements_covered": 0.0, "percent_statements_covered_display": "0"}, "missing_lines": [7, 8, 9, 11, 12, 13, 14, 15, 24, 27, 28, 29, 32, 34, 35, 36, 37, 38, 39, 42, 43, 49, 50, 51, 52, 53, 54, 55, 57, 58, 59, 60, 61, 62, 63, 64, 65, 66, 67, 68, 69, 70, 71, 72, 79, 80, 89, 90], "excluded_lines": [], "functions": {"_capture_auto_worker": {"executed_lines": [], "summary": {"covered_lines": 0, "num_statements": 6, "percent_covered": 0.0, "percent_covered_display": "0", "missing_lines": 6, "excluded_lines": 0, "percent_statements_covered": 0.0, "percent_statements_covered_display": "0"}, "missing_lines": [34, 35, 36, 37, 38, 39], "excluded_lines": [], "start_line": 32}, "capture_loopback": {"executed_lines": [], "summary": {"covered_lines": 0, "num_statements": 27, "percent_covered": 0.0, "percent_covered_display": "0", "missing_lines": 27, "excluded_lines": 0, "percent_statements_covered": 0.0, "percent_statements_covered_display": "0"}, "missing_lines": [49, 50, 51, 52, 53, 54, 55, 57, 58, 59, 60, 61, 62, 63, 64, 65, 66, 67, 68, 69, 70, 71, 72, 79, 80, 89, 90], "excluded_lines": [], "start_line": 43}, "": {"executed_lines": [], "summary": {"covered_lines": 0, "num_statements": 15, "percent_covered": 0.0, "percent_covered_display": "0", "missing_lines": 15, "excluded_lines": 0, "percent_statements_covered": 0.0, "percent_statements_covered_display": "0"}, "missing_lines": [7, 8, 9, 11, 12, 13, 14, 15, 24, 27, 28, 29, 32, 42, 43], "excluded_lines": [], "start_line": 1}}, "classes": {"CaptureLoopbackRequest": {"executed_lines": [], "summary": {"covered_lines": 0, "num_statements": 0, "percent_covered": 100.0, "percent_covered_display": "100", "missing_lines": 0, "excluded_lines": 0, "percent_statements_covered": 100.0, "percent_statements_covered_display": "100"}, "missing_lines": [], "excluded_lines": [], "start_line": 27}, "": {"executed_lines": [], "summary": {"covered_lines": 0, "num_statements": 48, "percent_covered": 0.0, "percent_covered_display": "0", "missing_lines": 48, "excluded_lines": 0, "percent_statements_covered": 0.0, "percent_statements_covered_display": "0"}, "missing_lines": [7, 8, 9, 11, 12, 13, 14, 15, 24, 27, 28, 29, 32, 34, 35, 36, 37, 38, 39, 42, 43, 49, 50, 51, 52, 53, 54, 55, 57, 58, 59, 60, 61, 62, 63, 64, 65, 66, 67, 68, 69, 70, 71, 72, 79, 80, 89, 90], "excluded_lines": [], "start_line": 1}}}, "m2_server\\cascade.py": {"executed_lines": [24, 25, 26, 27, 28, 29, 30, 32, 33, 34, 35, 36, 37, 38, 40, 42, 43, 44, 45, 46, 48, 55, 57, 59, 66, 67, 70, 83, 87, 98, 115, 123, 124, 125, 126, 127, 128, 129, 130, 131, 134, 137, 138, 307, 324, 325, 347, 348, 357, 358], "summary": {"covered_lines": 50, "num_statements": 200, "percent_covered": 25.0, "percent_covered_display": "25", "missing_lines": 150, "excluded_lines": 0, "percent_statements_covered": 25.0, "percent_statements_covered_display": "25"}, "missing_lines": [75, 76, 77, 78, 79, 80, 84, 88, 90, 91, 92, 93, 94, 95, 101, 102, 103, 104, 105, 107, 108, 109, 110, 112, 116, 117, 118, 119, 120, 139, 140, 141, 142, 144, 145, 148, 149, 150, 151, 152, 155, 160, 161, 162, 163, 164, 168, 169, 170, 171, 172, 173, 174, 175, 176, 177, 178, 179, 180, 181, 185, 186, 187, 195, 196, 197, 200, 201, 202, 203, 204, 209, 223, 224, 225, 226, 227, 228, 231, 232, 248, 249, 250, 251, 252, 262, 263, 264, 265, 266, 267, 268, 269, 270, 273, 274, 275, 276, 277, 278, 279, 280, 281, 282, 283, 284, 286, 293, 294, 308, 309, 310, 311, 312, 313, 314, 315, 316, 317, 318, 320, 321, 326, 327, 328, 329, 330, 331, 332, 333, 334, 335, 336, 337, 338, 339, 340, 343, 344, 350, 351, 352, 353, 354, 359, 360, 361, 363, 364, 365], "excluded_lines": [], "functions": {"_find_cascade_pids": {"executed_lines": [], "summary": {"covered_lines": 0, "num_statements": 6, "percent_covered": 0.0, "percent_covered_display": "0", "missing_lines": 6, "excluded_lines": 0, "percent_statements_covered": 0.0, "percent_statements_covered_display": "0"}, "missing_lines": [75, 76, 77, 78, 79, 80], "excluded_lines": [], "start_line": 70}, "_cascade_alive": {"executed_lines": [], "summary": {"covered_lines": 0, "num_statements": 1, "percent_covered": 0.0, "percent_covered_display": "0", "missing_lines": 1, "excluded_lines": 0, "percent_statements_covered": 0.0, "percent_statements_covered_display": "0"}, "missing_lines": [84], "excluded_lines": [], "start_line": 83}, "_worker_health": {"executed_lines": [], "summary": {"covered_lines": 0, "num_statements": 7, "percent_covered": 0.0, "percent_covered_display": "0", "missing_lines": 7, "excluded_lines": 0, "percent_statements_covered": 0.0, "percent_statements_covered_display": "0"}, "missing_lines": [88, 90, 91, 92, 93, 94, 95], "excluded_lines": [], "start_line": 87}, "_warm_worker": {"executed_lines": [], "summary": {"covered_lines": 0, "num_statements": 10, "percent_covered": 0.0, "percent_covered_display": "0", "missing_lines": 10, "excluded_lines": 0, "percent_statements_covered": 0.0, "percent_statements_covered_display": "0"}, "missing_lines": [101, 102, 103, 104, 105, 107, 108, 109, 110, 112], "excluded_lines": [], "start_line": 98}, "_read_child_state": {"executed_lines": [], "summary": {"covered_lines": 0, "num_statements": 5, "percent_covered": 0.0, "percent_covered_display": "0", "missing_lines": 5, "excluded_lines": 0, "percent_statements_covered": 0.0, "percent_statements_covered_display": "0"}, "missing_lines": [116, 117, 118, 119, 120], "excluded_lines": [], "start_line": 115}, "cascade_start": {"executed_lines": [], "summary": {"covered_lines": 0, "num_statements": 80, "percent_covered": 0.0, "percent_covered_display": "0", "missing_lines": 80, "excluded_lines": 0, "percent_statements_covered": 0.0, "percent_statements_covered_display": "0"}, "missing_lines": [139, 140, 141, 142, 144, 145, 148, 149, 150, 151, 152, 155, 160, 161, 162, 163, 164, 168, 169, 170, 171, 172, 173, 174, 175, 176, 177, 178, 179, 180, 181, 185, 186, 187, 195, 196, 197, 200, 201, 202, 203, 204, 209, 223, 224, 225, 226, 227, 228, 231, 232, 248, 249, 250, 251, 252, 262, 263, 264, 265, 266, 267, 268, 269, 270, 273, 274, 275, 276, 277, 278, 279, 280, 281, 282, 283, 284, 286, 293, 294], "excluded_lines": [], "start_line": 138}, "_cascade_waiter": {"executed_lines": [], "summary": {"covered_lines": 0, "num_statements": 13, "percent_covered": 0.0, "percent_covered_display": "0", "missing_lines": 13, "excluded_lines": 0, "percent_statements_covered": 0.0, "percent_statements_covered_display": "0"}, "missing_lines": [308, 309, 310, 311, 312, 313, 314, 315, 316, 317, 318, 320, 321], "excluded_lines": [], "start_line": 307}, "cascade_stop": {"executed_lines": [], "summary": {"covered_lines": 0, "num_statements": 17, "percent_covered": 0.0, "percent_covered_display": "0", "missing_lines": 17, "excluded_lines": 0, "percent_statements_covered": 0.0, "percent_statements_covered_display": "0"}, "missing_lines": [326, 327, 328, 329, 330, 331, 332, 333, 334, 335, 336, 337, 338, 339, 340, 343, 344], "excluded_lines": [], "start_line": 325}, "cascade_last_start": {"executed_lines": [], "summary": {"covered_lines": 0, "num_statements": 5, "percent_covered": 0.0, "percent_covered_display": "0", "missing_lines": 5, "excluded_lines": 0, "percent_statements_covered": 0.0, "percent_statements_covered_display": "0"}, "missing_lines": [350, 351, 352, 353, 354], "excluded_lines": [], "start_line": 348}, "cascade_status": {"executed_lines": [], "summary": {"covered_lines": 0, "num_statements": 6, "percent_covered": 0.0, "percent_covered_display": "0", "missing_lines": 6, "excluded_lines": 0, "percent_statements_covered": 0.0, "percent_statements_covered_display": "0"}, "missing_lines": [359, 360, 361, 363, 364, 365], "excluded_lines": [], "start_line": 358}, "": {"executed_lines": [24, 25, 26, 27, 28, 29, 30, 32, 33, 34, 35, 36, 37, 38, 40, 42, 43, 44, 45, 46, 48, 55, 57, 59, 66, 67, 70, 83, 87, 98, 115, 123, 124, 125, 126, 127, 128, 129, 130, 131, 134, 137, 138, 307, 324, 325, 347, 348, 357, 358], "summary": {"covered_lines": 50, "num_statements": 50, "percent_covered": 100.0, "percent_covered_display": "100", "missing_lines": 0, "excluded_lines": 0, "percent_statements_covered": 100.0, "percent_statements_covered_display": "100"}, "missing_lines": [], "excluded_lines": [], "start_line": 1}}, "classes": {"CascadeStartReq": {"executed_lines": [], "summary": {"covered_lines": 0, "num_statements": 0, "percent_covered": 100.0, "percent_covered_display": "100", "missing_lines": 0, "excluded_lines": 0, "percent_statements_covered": 100.0, "percent_statements_covered_display": "100"}, "missing_lines": [], "excluded_lines": [], "start_line": 123}, "": {"executed_lines": [24, 25, 26, 27, 28, 29, 30, 32, 33, 34, 35, 36, 37, 38, 40, 42, 43, 44, 45, 46, 48, 55, 57, 59, 66, 67, 70, 83, 87, 98, 115, 123, 124, 125, 126, 127, 128, 129, 130, 131, 134, 137, 138, 307, 324, 325, 347, 348, 357, 358], "summary": {"covered_lines": 50, "num_statements": 200, "percent_covered": 25.0, "percent_covered_display": "25", "missing_lines": 150, "excluded_lines": 0, "percent_statements_covered": 25.0, "percent_statements_covered_display": "25"}, "missing_lines": [75, 76, 77, 78, 79, 80, 84, 88, 90, 91, 92, 93, 94, 95, 101, 102, 103, 104, 105, 107, 108, 109, 110, 112, 116, 117, 118, 119, 120, 139, 140, 141, 142, 144, 145, 148, 149, 150, 151, 152, 155, 160, 161, 162, 163, 164, 168, 169, 170, 171, 172, 173, 174, 175, 176, 177, 178, 179, 180, 181, 185, 186, 187, 195, 196, 197, 200, 201, 202, 203, 204, 209, 223, 224, 225, 226, 227, 228, 231, 232, 248, 249, 250, 251, 252, 262, 263, 264, 265, 266, 267, 268, 269, 270, 273, 274, 275, 276, 277, 278, 279, 280, 281, 282, 283, 284, 286, 293, 294, 308, 309, 310, 311, 312, 313, 314, 315, 316, 317, 318, 320, 321, 326, 327, 328, 329, 330, 331, 332, 333, 334, 335, 336, 337, 338, 339, 340, 343, 344, 350, 351, 352, 353, 354, 359, 360, 361, 363, 364, 365], "excluded_lines": [], "start_line": 1}}}, "m2_server\\cascade_stream.py": {"executed_lines": [], "summary": {"covered_lines": 0, "num_statements": 654, "percent_covered": 0.0, "percent_covered_display": "0", "missing_lines": 654, "excluded_lines": 2, "percent_statements_covered": 0.0, "percent_statements_covered_display": "0"}, "missing_lines": [27, 28, 29, 30, 31, 32, 33, 34, 35, 36, 37, 39, 40, 41, 42, 44, 45, 46, 47, 49, 50, 52, 53, 54, 55, 57, 68, 71, 77, 78, 80, 81, 82, 83, 84, 85, 88, 117, 118, 119, 122, 123, 124, 125, 126, 129, 131, 132, 133, 134, 137, 138, 139, 140, 141, 142, 143, 146, 147, 148, 149, 150, 153, 154, 160, 163, 166, 167, 168, 169, 170, 171, 173, 174, 175, 176, 177, 178, 179, 181, 187, 188, 189, 190, 191, 192, 193, 194, 195, 196, 197, 198, 199, 200, 201, 202, 204, 205, 206, 207, 208, 209, 210, 211, 212, 213, 214, 215, 216, 217, 220, 223, 224, 225, 227, 228, 229, 230, 231, 232, 233, 234, 237, 238, 239, 240, 241, 242, 243, 249, 257, 258, 259, 260, 261, 262, 263, 264, 265, 266, 267, 268, 277, 278, 280, 281, 282, 283, 284, 285, 287, 288, 289, 290, 291, 293, 294, 295, 296, 297, 298, 299, 300, 301, 302, 303, 304, 306, 307, 308, 309, 310, 311, 312, 313, 314, 315, 316, 317, 319, 320, 321, 322, 323, 324, 325, 327, 328, 329, 330, 331, 332, 333, 334, 335, 337, 339, 340, 341, 343, 344, 345, 351, 352, 353, 355, 356, 357, 358, 359, 360, 362, 363, 364, 365, 366, 367, 368, 370, 373, 378, 379, 380, 381, 382, 384, 387, 398, 399, 400, 401, 402, 403, 404, 406, 419, 432, 433, 434, 435, 436, 437, 438, 439, 440, 441, 442, 443, 444, 447, 448, 449, 450, 451, 457, 465, 466, 467, 468, 469, 470, 471, 472, 473, 474, 475, 479, 485, 486, 489, 490, 491, 492, 494, 495, 496, 497, 503, 504, 505, 506, 507, 508, 509, 510, 511, 512, 514, 520, 521, 522, 524, 525, 526, 527, 528, 529, 531, 532, 533, 538, 539, 540, 541, 543, 545, 547, 548, 549, 550, 551, 553, 557, 558, 559, 560, 561, 562, 563, 564, 565, 566, 571, 572, 573, 574, 575, 576, 577, 578, 579, 581, 583, 584, 585, 586, 587, 588, 589, 590, 591, 592, 593, 594, 595, 596, 597, 598, 599, 600, 601, 602, 603, 605, 606, 607, 608, 609, 610, 613, 614, 615, 616, 617, 618, 619, 620, 621, 622, 623, 624, 625, 626, 627, 628, 629, 630, 631, 632, 633, 634, 635, 640, 641, 643, 644, 645, 646, 647, 648, 651, 652, 653, 654, 655, 656, 657, 658, 659, 664, 665, 666, 667, 668, 669, 670, 671, 672, 673, 675, 676, 677, 678, 679, 680, 681, 683, 690, 691, 692, 693, 694, 695, 696, 697, 698, 699, 700, 701, 702, 703, 704, 706, 707, 708, 709, 710, 711, 712, 713, 715, 717, 718, 723, 724, 725, 726, 727, 728, 729, 730, 731, 732, 733, 734, 735, 736, 737, 738, 740, 741, 742, 743, 744, 745, 746, 747, 750, 752, 753, 754, 755, 756, 757, 759, 760, 761, 763, 765, 767, 775, 776, 777, 779, 782, 783, 784, 785, 787, 788, 790, 793, 800, 801, 802, 803, 806, 807, 808, 810, 811, 813, 814, 815, 817, 818, 819, 820, 827, 828, 829, 830, 832, 833, 834, 835, 836, 839, 840, 841, 844, 846, 847, 848, 849, 850, 851, 852, 853, 854, 856, 857, 858, 859, 863, 864, 865, 866, 867, 868, 869, 870, 871, 872, 873, 874, 875, 876, 877, 878, 879, 884, 887, 894, 895, 896, 897, 898, 899, 901, 902, 903, 904, 905, 906, 907, 908, 910, 911, 914, 915, 917, 918, 920, 921, 922, 924, 925, 927, 928, 929, 930, 931, 932, 933, 934, 935, 936, 937, 938, 939, 941, 942, 950, 951, 952, 953, 954, 955, 956, 957, 958, 959, 960, 961, 964, 965, 966, 969, 974, 975, 976, 977, 978, 979, 980, 981, 982, 983, 984, 989, 995, 996, 997, 998, 999, 1004, 1011, 1017, 1024, 1026, 1027, 1028, 1030, 1034, 1035, 1036, 1037, 1038, 1040, 1041, 1042, 1043, 1044, 1045, 1046, 1048, 1049, 1050, 1051, 1053, 1054, 1055, 1056], "excluded_lines": [1059, 1060], "functions": {"_live_input_keyword": {"executed_lines": [], "summary": {"covered_lines": 0, "num_statements": 8, "percent_covered": 0.0, "percent_covered_display": "0", "missing_lines": 8, "excluded_lines": 0, "percent_statements_covered": 0.0, "percent_statements_covered_display": "0"}, "missing_lines": [77, 78, 80, 81, 82, 83, 84, 85], "excluded_lines": [], "start_line": 71}, "_p95": {"executed_lines": [], "summary": {"covered_lines": 0, "num_statements": 4, "percent_covered": 0.0, "percent_covered_display": "0", "missing_lines": 4, "excluded_lines": 0, "percent_statements_covered": 0.0, "percent_statements_covered_display": "0"}, "missing_lines": [123, 124, 125, 126], "excluded_lines": [], "start_line": 122}, "_update_stage_stats": {"executed_lines": [], "summary": {"covered_lines": 0, "num_statements": 4, "percent_covered": 0.0, "percent_covered_display": "0", "missing_lines": 4, "excluded_lines": 0, "percent_statements_covered": 0.0, "percent_statements_covered_display": "0"}, "missing_lines": [131, 132, 133, 134], "excluded_lines": [], "start_line": 129}, "_write_state": {"executed_lines": [], "summary": {"covered_lines": 0, "num_statements": 6, "percent_covered": 0.0, "percent_covered_display": "0", "missing_lines": 6, "excluded_lines": 0, "percent_statements_covered": 0.0, "percent_statements_covered_display": "0"}, "missing_lines": [138, 139, 140, 141, 142, 143], "excluded_lines": [], "start_line": 137}, "_set_stage": {"executed_lines": [], "summary": {"covered_lines": 0, "num_statements": 4, "percent_covered": 0.0, "percent_covered_display": "0", "missing_lines": 4, "excluded_lines": 0, "percent_statements_covered": 0.0, "percent_statements_covered_display": "0"}, "missing_lines": [147, 148, 149, 150], "excluded_lines": [], "start_line": 146}, "Chunker.__init__": {"executed_lines": [], "summary": {"covered_lines": 0, "num_statements": 6, "percent_covered": 0.0, "percent_covered_display": "0", "missing_lines": 6, "excluded_lines": 0, "percent_statements_covered": 0.0, "percent_statements_covered_display": "0"}, "missing_lines": [166, 167, 168, 169, 170, 171], "excluded_lines": [], "start_line": 163}, "Chunker.reset": {"executed_lines": [], "summary": {"covered_lines": 0, "num_statements": 6, "percent_covered": 0.0, "percent_covered_display": "0", "missing_lines": 6, "excluded_lines": 0, "percent_statements_covered": 0.0, "percent_statements_covered_display": "0"}, "missing_lines": [174, 175, 176, 177, 178, 179], "excluded_lines": [], "start_line": 173}, "Chunker.feed": {"executed_lines": [], "summary": {"covered_lines": 0, "num_statements": 30, "percent_covered": 0.0, "percent_covered_display": "0", "missing_lines": 30, "excluded_lines": 0, "percent_statements_covered": 0.0, "percent_statements_covered_display": "0"}, "missing_lines": [187, 188, 189, 190, 191, 192, 193, 194, 195, 196, 197, 198, 199, 200, 201, 202, 204, 205, 206, 207, 208, 209, 210, 211, 212, 213, 214, 215, 216, 217], "excluded_lines": [], "start_line": 181}, "EnergyVad.__init__": {"executed_lines": [], "summary": {"covered_lines": 0, "num_statements": 2, "percent_covered": 0.0, "percent_covered_display": "0", "missing_lines": 2, "excluded_lines": 0, "percent_statements_covered": 0.0, "percent_statements_covered_display": "0"}, "missing_lines": [224, 225], "excluded_lines": [], "start_line": 223}, "EnergyVad.is_speech": {"executed_lines": [], "summary": {"covered_lines": 0, "num_statements": 7, "percent_covered": 0.0, "percent_covered_display": "0", "missing_lines": 7, "excluded_lines": 0, "percent_statements_covered": 0.0, "percent_statements_covered_display": "0"}, "missing_lines": [228, 229, 230, 231, 232, 233, 234], "excluded_lines": [], "start_line": 227}, "make_vad_detector": {"executed_lines": [], "summary": {"covered_lines": 0, "num_statements": 6, "percent_covered": 0.0, "percent_covered_display": "0", "missing_lines": 6, "excluded_lines": 0, "percent_statements_covered": 0.0, "percent_statements_covered_display": "0"}, "missing_lines": [238, 239, 240, 241, 242, 243], "excluded_lines": [], "start_line": 237}, "Player.__init__": {"executed_lines": [], "summary": {"covered_lines": 0, "num_statements": 11, "percent_covered": 0.0, "percent_covered_display": "0", "missing_lines": 11, "excluded_lines": 0, "percent_statements_covered": 0.0, "percent_statements_covered_display": "0"}, "missing_lines": [258, 259, 260, 261, 262, 263, 264, 265, 266, 267, 268], "excluded_lines": [], "start_line": 257}, "Player.start": {"executed_lines": [], "summary": {"covered_lines": 0, "num_statements": 1, "percent_covered": 0.0, "percent_covered_display": "0", "missing_lines": 1, "excluded_lines": 0, "percent_statements_covered": 0.0, "percent_statements_covered_display": "0"}, "missing_lines": [278], "excluded_lines": [], "start_line": 277}, "Player.stop": {"executed_lines": [], "summary": {"covered_lines": 0, "num_statements": 5, "percent_covered": 0.0, "percent_covered_display": "0", "missing_lines": 5, "excluded_lines": 0, "percent_statements_covered": 0.0, "percent_statements_covered_display": "0"}, "missing_lines": [281, 282, 283, 284, 285], "excluded_lines": [], "start_line": 280}, "Player._cb": {"executed_lines": [], "summary": {"covered_lines": 0, "num_statements": 28, "percent_covered": 0.0, "percent_covered_display": "0", "missing_lines": 28, "excluded_lines": 0, "percent_statements_covered": 0.0, "percent_statements_covered_display": "0"}, "missing_lines": [288, 289, 290, 291, 293, 294, 295, 296, 297, 298, 299, 300, 301, 302, 303, 304, 306, 307, 308, 309, 310, 311, 312, 313, 314, 315, 316, 317], "excluded_lines": [], "start_line": 287}, "Player.enqueue": {"executed_lines": [], "summary": {"covered_lines": 0, "num_statements": 15, "percent_covered": 0.0, "percent_covered_display": "0", "missing_lines": 15, "excluded_lines": 0, "percent_statements_covered": 0.0, "percent_statements_covered_display": "0"}, "missing_lines": [320, 321, 322, 323, 324, 325, 327, 328, 329, 330, 331, 332, 333, 334, 335], "excluded_lines": [], "start_line": 319}, "Player.pop_starts": {"executed_lines": [], "summary": {"covered_lines": 0, "num_statements": 3, "percent_covered": 0.0, "percent_covered_display": "0", "missing_lines": 3, "excluded_lines": 0, "percent_statements_covered": 0.0, "percent_statements_covered_display": "0"}, "missing_lines": [339, 340, 341], "excluded_lines": [], "start_line": 337}, "Player.queued": {"executed_lines": [], "summary": {"covered_lines": 0, "num_statements": 2, "percent_covered": 0.0, "percent_covered_display": "0", "missing_lines": 2, "excluded_lines": 0, "percent_statements_covered": 0.0, "percent_statements_covered_display": "0"}, "missing_lines": [344, 345], "excluded_lines": [], "start_line": 343}, "Worker.__init__": {"executed_lines": [], "summary": {"covered_lines": 0, "num_statements": 1, "percent_covered": 0.0, "percent_covered_display": "0", "missing_lines": 1, "excluded_lines": 0, "percent_statements_covered": 0.0, "percent_statements_covered_display": "0"}, "missing_lines": [353], "excluded_lines": [], "start_line": 352}, "Worker.health": {"executed_lines": [], "summary": {"covered_lines": 0, "num_statements": 5, "percent_covered": 0.0, "percent_covered_display": "0", "missing_lines": 5, "excluded_lines": 0, "percent_statements_covered": 0.0, "percent_statements_covered_display": "0"}, "missing_lines": [356, 357, 358, 359, 360], "excluded_lines": [], "start_line": 355}, "Worker.wait_ready": {"executed_lines": [], "summary": {"covered_lines": 0, "num_statements": 6, "percent_covered": 0.0, "percent_covered_display": "0", "missing_lines": 6, "excluded_lines": 0, "percent_statements_covered": 0.0, "percent_statements_covered_display": "0"}, "missing_lines": [363, 364, 365, 366, 367, 368], "excluded_lines": [], "start_line": 362}, "Worker.asr": {"executed_lines": [], "summary": {"covered_lines": 0, "num_statements": 6, "percent_covered": 0.0, "percent_covered_display": "0", "missing_lines": 6, "excluded_lines": 0, "percent_statements_covered": 0.0, "percent_statements_covered_display": "0"}, "missing_lines": [373, 378, 379, 380, 381, 382], "excluded_lines": [], "start_line": 370}, "Worker.tts": {"executed_lines": [], "summary": {"covered_lines": 0, "num_statements": 8, "percent_covered": 0.0, "percent_covered_display": "0", "missing_lines": 8, "excluded_lines": 0, "percent_statements_covered": 0.0, "percent_statements_covered_display": "0"}, "missing_lines": [387, 398, 399, 400, 401, 402, 403, 404], "excluded_lines": [], "start_line": 384}, "Worker.tts_stream": {"executed_lines": [], "summary": {"covered_lines": 0, "num_statements": 14, "percent_covered": 0.0, "percent_covered_display": "0"
[...]
1277, 1279, 1282, 1283, 1284, 1290, 1291, 1292, 1293, 1294, 1297, 1298, 1299, 1300, 1301], "excluded_lines": [], "start_line": 1272}, "_finish_record": {"executed_lines": [], "summary": {"covered_lines": 0, "num_statements": 33, "percent_covered": 0.0, "percent_covered_display": "0", "missing_lines": 33, "excluded_lines": 0, "percent_statements_covered": 0.0, "percent_statements_covered_display": "0"}, "missing_lines": [1315, 1316, 1317, 1318, 1320, 1321, 1322, 1323, 1324, 1325, 1326, 1327, 1328, 1329, 1330, 1331, 1332, 1333, 1335, 1336, 1337, 1338, 1339, 1340, 1341, 1342, 1344, 1345, 1346, 1348, 1349, 1350, 1351], "excluded_lines": [], "start_line": 1304}, "_cancel_point": {"executed_lines": [], "summary": {"covered_lines": 0, "num_statements": 9, "percent_covered": 0.0, "percent_covered_display": "0", "missing_lines": 9, "excluded_lines": 0, "percent_statements_covered": 0.0, "percent_statements_covered_display": "0"}, "missing_lines": [1360, 1361, 1362, 1363, 1364, 1365, 1366, 1367, 1368], "excluded_lines": [], "start_line": 1354}, "_wav_duration": {"executed_lines": [], "summary": {"covered_lines": 0, "num_statements": 5, "percent_covered": 0.0, "percent_covered_display": "0", "missing_lines": 5, "excluded_lines": 0, "percent_statements_covered": 0.0, "percent_statements_covered_display": "0"}, "missing_lines": [1375, 1376, 1377, 1378, 1379], "excluded_lines": [], "start_line": 1374}, "_trim_edges": {"executed_lines": [], "summary": {"covered_lines": 0, "num_statements": 21, "percent_covered": 0.0, "percent_covered_display": "0", "missing_lines": 21, "excluded_lines": 0, "percent_statements_covered": 0.0, "percent_statements_covered_display": "0"}, "missing_lines": [1390, 1391, 1392, 1393, 1394, 1395, 1396, 1397, 1398, 1399, 1400, 1401, 1402, 1403, 1404, 1405, 1406, 1407, 1408, 1409, 1410], "excluded_lines": [], "start_line": 1382}, "send_text": {"executed_lines": [], "summary": {"covered_lines": 0, "num_statements": 42, "percent_covered": 0.0, "percent_covered_display": "0", "missing_lines": 42, "excluded_lines": 0, "percent_statements_covered": 0.0, "percent_statements_covered_display": "0"}, "missing_lines": [1443, 1444, 1445, 1446, 1447, 1448, 1451, 1452, 1453, 1454, 1458, 1459, 1461, 1462, 1467, 1468, 1469, 1471, 1472, 1473, 1475, 1476, 1477, 1479, 1480, 1481, 1482, 1484, 1485, 1486, 1489, 1490, 1491, 1492, 1493, 1494, 1495, 1496, 1497, 1498, 1499, 1501], "excluded_lines": [], "start_line": 1429}, "send_voice": {"executed_lines": [], "summary": {"covered_lines": 0, "num_statements": 5, "percent_covered": 0.0, "percent_covered_display": "0", "missing_lines": 5, "excluded_lines": 0, "percent_statements_covered": 0.0, "percent_statements_covered_display": "0"}, "missing_lines": [1511, 1512, 1513, 1514, 1516], "excluded_lines": [], "start_line": 1505}, "precheck": {"executed_lines": [], "summary": {"covered_lines": 0, "num_statements": 6, "percent_covered": 0.0, "percent_covered_display": "0", "missing_lines": 6, "excluded_lines": 0, "percent_statements_covered": 0.0, "percent_statements_covered_display": "0"}, "missing_lines": [1525, 1526, 1527, 1528, 1529, 1530], "excluded_lines": [], "start_line": 1520}, "manual_send": {"executed_lines": [], "summary": {"covered_lines": 0, "num_statements": 20, "percent_covered": 0.0, "percent_covered_display": "0", "missing_lines": 20, "excluded_lines": 0, "percent_statements_covered": 0.0, "percent_statements_covered_display": "0"}, "missing_lines": [1559, 1560, 1561, 1562, 1563, 1567, 1568, 1569, 1571, 1572, 1573, 1574, 1575, 1576, 1577, 1578, 1582, 1583, 1584, 1588], "excluded_lines": [], "start_line": 1552}, "play_to_cable": {"executed_lines": [], "summary": {"covered_lines": 0, "num_statements": 5, "percent_covered": 0.0, "percent_covered_display": "0", "missing_lines": 5, "excluded_lines": 0, "percent_statements_covered": 0.0, "percent_statements_covered_display": "0"}, "missing_lines": [1612, 1613, 1614, 1615, 1617], "excluded_lines": [], "start_line": 1603}, "_do_play_to_cable": {"executed_lines": [], "summary": {"covered_lines": 0, "num_statements": 39, "percent_covered": 0.0, "percent_covered_display": "0", "missing_lines": 39, "excluded_lines": 0, "percent_statements_covered": 0.0, "percent_statements_covered_display": "0"}, "missing_lines": [1621, 1622, 1623, 1624, 1625, 1629, 1630, 1631, 1635, 1636, 1637, 1638, 1639, 1640, 1641, 1642, 1643, 1644, 1645, 1647, 1661, 1662, 1663, 1664, 1665, 1666, 1667, 1669, 1670, 1671, 1672, 1673, 1674, 1675, 1676, 1677, 1678, 1679, 1682], "excluded_lines": [], "start_line": 1620}, "stop_play": {"executed_lines": [], "summary": {"covered_lines": 0, "num_statements": 8, "percent_covered": 0.0, "percent_covered_display": "0", "missing_lines": 8, "excluded_lines": 0, "percent_statements_covered": 0.0, "percent_statements_covered_display": "0"}, "missing_lines": [1703, 1704, 1705, 1706, 1707, 1708, 1709, 1710], "excluded_lines": [], "start_line": 1697}, "_safe_restore": {"executed_lines": [], "summary": {"covered_lines": 0, "num_statements": 9, "percent_covered": 0.0, "percent_covered_display": "0", "missing_lines": 9, "excluded_lines": 0, "percent_statements_covered": 0.0, "percent_statements_covered_display": "0"}, "missing_lines": [1715, 1716, 1717, 1718, 1719, 1720, 1721, 1722, 1723], "excluded_lines": [], "start_line": 1713}, "_uia_verify_sent": {"executed_lines": [], "summary": {"covered_lines": 0, "num_statements": 24, "percent_covered": 0.0, "percent_covered_display": "0", "missing_lines": 24, "excluded_lines": 0, "percent_statements_covered": 0.0, "percent_statements_covered_display": "0"}, "missing_lines": [1735, 1736, 1737, 1738, 1739, 1740, 1741, 1742, 1744, 1745, 1746, 1747, 1748, 1750, 1751, 1752, 1754, 1757, 1762, 1763, 1764, 1765, 1767, 1768], "excluded_lines": [], "start_line": 1726}, "_do_send": {"executed_lines": [1777, 1780, 1781, 1782, 1799, 1800, 1803, 1804, 1805, 1806, 1807, 1808, 1809, 1810, 1814, 1815, 1816, 1817, 1818, 1823, 1824, 1837, 1838, 1845, 1848, 1849, 1853, 1855, 1866, 1867, 1868, 1869, 1870, 1871, 1879, 1880, 1881, 1893, 1894, 1898, 1899, 1900, 1901, 1902, 1903, 1912, 1913, 1915, 1920, 1921, 1927, 1932, 1933, 1990], "summary": {"covered_lines": 54, "num_statements": 83, "percent_covered": 65.06024096385542, "percent_covered_display": "65", "missing_lines": 29, "excluded_lines": 0, "percent_statements_covered": 65.06024096385542, "percent_statements_covered_display": "65"}, "missing_lines": [1783, 1788, 1789, 1790, 1798, 1811, 1812, 1825, 1826, 1827, 1832, 1876, 1890, 1935, 1936, 1937, 1948, 1951, 1952, 1953, 1954, 1955, 1956, 1957, 1958, 1960, 1961, 1962, 1974], "excluded_lines": [], "start_line": 1771}, "_do_send._prep_ui": {"executed_lines": [1856, 1857, 1863, 1864], "summary": {"covered_lines": 4, "num_statements": 9, "percent_covered": 44.44444444444444, "percent_covered_display": "44", "missing_lines": 5, "excluded_lines": 0, "percent_statements_covered": 44.44444444444444, "percent_statements_covered_display": "44"}, "missing_lines": [1858, 1859, 1860, 1861, 1862], "excluded_lines": [], "start_line": 1855}, "_guided_fallback": {"executed_lines": [], "summary": {"covered_lines": 0, "num_statements": 7, "percent_covered": 0.0, "percent_covered_display": "0", "missing_lines": 7, "excluded_lines": 0, "percent_statements_covered": 0.0, "percent_statements_covered_display": "0"}, "missing_lines": [2007, 2008, 2009, 2010, 2011, 2016, 2017], "excluded_lines": [], "start_line": 2005}, "_append_history": {"executed_lines": [2038, 2039, 2040, 2042, 2048, 2049, 2050, 2051, 2052], "summary": {"covered_lines": 9, "num_statements": 12, "percent_covered": 75.0, "percent_covered_display": "75", "missing_lines": 3, "excluded_lines": 0, "percent_statements_covered": 75.0, "percent_statements_covered_display": "75"}, "missing_lines": [2041, 2053, 2054], "excluded_lines": [], "start_line": 2030}, "send_history": {"executed_lines": [], "summary": {"covered_lines": 0, "num_statements": 9, "percent_covered": 0.0, "percent_covered_display": "0", "missing_lines": 9, "excluded_lines": 0, "percent_statements_covered": 0.0, "percent_statements_covered_display": "0"}, "missing_lines": [2060, 2061, 2062, 2063, 2064, 2065, 2067, 2068, 2069], "excluded_lines": [], "start_line": 2058}, "last_send": {"executed_lines": [], "summary": {"covered_lines": 0, "num_statements": 5, "percent_covered": 0.0, "percent_covered_display": "0", "missing_lines": 5, "excluded_lines": 0, "percent_statements_covered": 0.0, "percent_statements_covered_display": "0"}, "missing_lines": [2075, 2076, 2077, 2078, 2079], "excluded_lines": [], "start_line": 2073}, "": {"executed_lines": [45, 46, 47, 48, 49, 50, 51, 52, 54, 56, 58, 59, 60, 61, 62, 63, 64, 66, 68, 69, 74, 84, 89, 90, 93, 94, 96, 97, 98, 101, 103, 112, 114, 116, 118, 119, 120, 121, 122, 125, 132, 135, 136, 139, 142, 146, 162, 193, 208, 232, 269, 270, 276, 287, 294, 297, 300, 353, 362, 370, 378, 380, 390, 402, 410, 420, 447, 470, 496, 504, 560, 577, 585, 587, 595, 612, 644, 666, 686, 699, 709, 739, 748, 751, 759, 766, 769, 770, 779, 780, 790, 791, 792, 794, 795, 798, 801, 809, 813, 821, 822, 824, 825, 826, 827, 828, 829, 830, 833, 847, 852, 853, 854, 855, 856, 857, 863, 894, 912, 923, 961, 969, 1000, 1001, 1004, 1015, 1045, 1055, 1099, 1108, 1132, 1133, 1136, 1157, 1167, 1191, 1272, 1304, 1354, 1374, 1382, 1416, 1417, 1420, 1421, 1422, 1423, 1424, 1425, 1428, 1429, 1504, 1505, 1519, 1520, 1551, 1552, 1597, 1598, 1599, 1602, 1603, 1620, 1696, 1697, 1713, 1726, 1771, 2005, 2026, 2027, 2030, 2057, 2058, 2072, 2073], "summary": {"covered_lines": 176, "num_statements": 180, "percent_covered": 97.77777777777777, "percent_covered_display": "98", "missing_lines": 4, "excluded_lines": 0, "percent_statements_covered": 97.77777777777777, "percent_statements_covered_display": "98"}, "missing_lines": [91, 271, 272, 273], "excluded_lines": [], "start_line": 1}}, "classes": {"_PlayWorkerHandle": {"executed_lines": [133, 137, 147, 148, 149, 150, 151, 152, 153, 154, 155, 156, 157, 158], "summary": {"covered_lines": 14, "num_statements": 17, "percent_covered": 82.3529411764706, "percent_covered_display": "82", "missing_lines": 3, "excluded_lines": 0, "percent_statements_covered": 82.3529411764706, "percent_statements_covered_display": "82"}, "missing_lines": [140, 144, 159], "excluded_lines": [], "start_line": 125}, "_PendingApply": {"executed_lines": [], "summary": {"covered_lines": 0, "num_statements": 26, "percent_covered": 0.0, "percent_covered_display": "0", "missing_lines": 26, "excluded_lines": 0, "percent_statements_covered": 0.0, "percent_statements_covered_display": "0"}, "missing_lines": [363, 364, 365, 366, 367, 368, 371, 372, 373, 374, 376, 382, 383, 384, 385, 386, 387, 388, 393, 394, 395, 396, 397, 398, 399, 400], "excluded_lines": [], "start_line": 353}, "_PendingRecordingEnv": {"executed_lines": [], "summary": {"covered_lines": 0, "num_statements": 12, "percent_covered": 0.0, "percent_covered_display": "0", "missing_lines": 12, "excluded_lines": 0, "percent_statements_covered": 0.0, "percent_statements_covered_display": "0"}, "missing_lines": [588, 589, 590, 591, 593, 601, 602, 603, 604, 605, 606, 607], "excluded_lines": [], "start_line": 577}, "_KBDINPUT": {"executed_lines": [], "summary": {"covered_lines": 0, "num_statements": 0, "percent_covered": 100.0, "percent_covered_display": "100", "missing_lines": 0, "excluded_lines": 0, "percent_statements_covered": 100.0, "percent_statements_covered_display": "100"}, "missing_lines": [], "excluded_lines": [], "start_line": 769}, "_MOUSEINPUT": {"executed_lines": [], "summary": {"covered_lines": 0, "num_statements": 0, "percent_covered": 100.0, "percent_covered_display": "100", "missing_lines": 0, "excluded_lines": 0, "percent_statements_covered": 100.0, "percent_statements_covered_display": "100"}, "missing_lines": [], "excluded_lines": [], "start_line": 779}, "_INPUT": {"executed_lines": [], "summary": {"covered_lines": 0, "num_statements": 0, "percent_covered": 100.0, "percent_covered_display": "100", "missing_lines": 0, "excluded_lines": 0, "percent_statements_covered": 100.0, "percent_statements_covered_display": "100"}, "missing_lines": [], "excluded_lines": [], "start_line": 790}, "_INPUT._U": {"executed_lines": [], "summary": {"covered_lines": 0, "num_statements": 0, "percent_covered": 100.0, "percent_covered_display": "100", "missing_lines": 0, "excluded_lines": 0, "percent_statements_covered": 100.0, "percent_statements_covered_display": "100"}, "missing_lines": [], "excluded_lines": [], "start_line": 791}, "_ensure_onscreen.MONITORINFO": {"executed_lines": [], "summary": {"covered_lines": 0, "num_statements": 0, "percent_covered": 100.0, "percent_covered_display": "100", "missing_lines": 0, "excluded_lines": 0, "percent_statements_covered": 100.0, "percent_statements_covered_display": "100"}, "missing_lines": [], "excluded_lines": [], "start_line": 1064}, "SendVoiceReq": {"executed_lines": [], "summary": {"covered_lines": 0, "num_statements": 0, "percent_covered": 100.0, "percent_covered_display": "100", "missing_lines": 0, "excluded_lines": 0, "percent_statements_covered": 100.0, "percent_statements_covered_display": "100"}, "missing_lines": [], "excluded_lines": [], "start_line": 1416}, "SendTextReq": {"executed_lines": [], "summary": {"covered_lines": 0, "num_statements": 0, "percent_covered": 100.0, "percent_covered_display": "100", "missing_lines": 0, "excluded_lines": 0, "percent_statements_covered": 100.0, "percent_statements_covered_display": "100"}, "missing_lines": [], "excluded_lines": [], "start_line": 1420}, "PlayToCableReq": {"executed_lines": [], "summary": {"covered_lines": 0, "num_statements": 0, "percent_covered": 100.0, "percent_covered_display": "100", "missing_lines": 0, "excluded_lines": 0, "percent_statements_covered": 100.0, "percent_statements_covered_display": "100"}, "missing_lines": [], "excluded_lines": [], "start_line": 1597}, "": {"executed_lines": [45, 46, 47, 48, 49, 50, 51, 52, 54, 56, 58, 59, 60, 61, 62, 63, 64, 66, 68, 69, 74, 84, 89, 90, 93, 94, 96, 97, 98, 101, 103, 112, 114, 116, 118, 119, 120, 121, 122, 125, 132, 135, 136, 139, 142, 146, 162, 165, 166, 167, 168, 170, 172, 180, 181, 182, 183, 184, 185, 186, 187, 188, 189, 190, 193, 208, 220, 221, 222, 224, 225, 226, 227, 232, 247, 248, 249, 250, 251, 252, 253, 254, 255, 256, 257, 258, 269, 270, 276, 287, 294, 297, 300, 353, 362, 370, 378, 380, 390, 402, 410, 417, 420, 447, 454, 455, 456, 470, 479, 480, 496, 504, 511, 512, 522, 523, 526, 527, 528, 529, 530, 531, 560, 577, 585, 587, 595, 612, 644, 666, 672, 673, 674, 675, 676, 677, 678, 679, 683, 686, 692, 693, 694, 699, 709, 739, 748, 751, 759, 760, 762, 766, 769, 770, 779, 780, 790, 791, 792, 794, 795, 798, 801, 809, 813, 821, 822, 824, 825, 826, 827, 828, 829, 830, 833, 847, 852, 853, 854, 855, 856, 857, 863, 894, 912, 923, 961, 969, 1000, 1001, 1004, 1015, 1045, 1055, 1099, 1105, 1108, 1110, 1112, 1113, 1132, 1133, 1136, 1157, 1167, 1191, 1272, 1304, 1354, 1374, 1382, 1416, 1417, 1420, 1421, 1422, 1423, 1424, 1425, 1428, 1429, 1504, 1505, 1519, 1520, 1551, 1552, 1597, 1598, 1599, 1602, 1603, 1620, 1696, 1697, 1713, 1726, 1771, 1777, 1780, 1781, 1782, 1799, 1800, 1803, 1804, 1805, 1806, 1807, 1808, 1809, 1810, 1814, 1815, 1816, 1817, 1818, 1823, 1824, 1837, 1838, 1845, 1848, 1849, 1853, 1855, 1856, 1857, 1863, 1864, 1866, 1867, 1868, 1869, 1870, 1871, 1879, 1880, 1881, 1893, 1894, 1898, 1899, 1900, 1901, 1902, 1903, 1912, 1913, 1915, 1920, 1921, 1927, 1932, 1933, 1990, 2005, 2026, 2027, 2030, 2038, 2039, 2040, 2042, 2048, 2049, 2050, 2051, 2052, 2057, 2058, 2072, 2073], "summary": {"covered_lines": 313, "num_statements": 988, "percent_covered": 31.68016194331984, "percent_covered_display": "32", "missing_lines": 675, "excluded_lines": 0, "percent_statements_covered": 31.68016194331984, "percent_statements_covered_display": "32"}, "missing_lines": [91, 169, 171, 196, 197, 198, 199, 200, 201, 202, 203, 204, 205, 223, 228, 229, 259, 260, 261, 262, 271, 272, 273, 278, 279, 280, 281, 282, 283, 284, 288, 301, 302, 305, 306, 307, 308, 309, 310, 333, 334, 336, 337, 338, 339, 340, 341, 342, 343, 344, 345, 346, 347, 350, 433, 437, 438, 439, 440, 441, 442, 443, 444, 457, 458, 459, 460, 461, 462, 463, 464, 465, 466, 467, 481, 482, 483, 487, 488, 489, 490, 498, 499, 500, 501, 533, 534, 535, 539, 540, 541, 543, 544, 545, 546, 547, 548, 549, 550, 551, 552, 557, 568, 569, 570, 571, 572, 573, 574, 646, 647, 648, 680, 681, 682, 695, 696, 701, 702, 703, 704, 705, 706, 710, 711, 712, 713, 728, 729, 730, 731, 732, 753, 754, 755, 756, 803, 804, 805, 806, 810, 814, 815, 816, 817, 835, 836, 837, 838, 839, 840, 841, 842, 843, 844, 848, 869, 870, 872, 873, 874, 876, 877, 878, 879, 880, 881, 882, 883, 884, 885, 887, 888, 889, 890, 891, 902, 903, 904, 905, 906, 907, 908, 909, 915, 916, 917, 918, 919, 920, 936, 937, 939, 940, 941, 942, 943, 944, 945, 946, 947, 948, 949, 950, 951, 952, 953, 954, 955, 956, 957, 958, 965, 966, 976, 977, 978, 979, 980, 981, 982, 983, 984, 985, 986, 987, 988, 989, 990, 991, 992, 993, 994, 995, 996, 1011, 1012, 1017, 1018, 1019, 1021, 1022, 1023, 1024, 1025, 1026, 1027, 1028, 1029, 1030, 1031, 1032, 1033, 1034, 1035, 1036, 1037, 1038, 1039, 1040, 1041, 1042, 1046, 1047, 1049, 1050, 1051, 1052, 1061, 1062, 1064, 1065, 1072, 1073, 1074, 1075, 1076, 1077, 1078, 1079, 1080, 1085, 1086, 1087, 1088, 1089, 1090, 1091, 1092, 1093, 1095, 1096, 1114, 1115, 1116, 1117, 1118, 1119, 1120, 1121, 1122, 1123, 1124, 1143, 1145, 1146, 1147, 1148, 1154, 1160, 1161, 1162, 1163, 1164, 1175, 1176, 1177, 1178, 1179, 1180, 1181, 1182, 1183, 1184, 1185, 1186, 1187, 1188, 1206, 1207, 1208, 1209, 1210, 1211, 1212, 1213, 1215, 1216, 1217, 1218, 1219, 1222, 1223, 1224, 1225, 1226, 1227, 1228, 1233, 1234, 1235, 1237, 1238, 1239, 1240, 1241, 1246, 1248, 1249, 1250, 1251, 1252, 1253, 1256, 1257, 1258, 1259, 1260, 1261, 1263, 1264, 1265, 1266, 1267, 1268, 1269, 1277, 1279, 1282, 1283, 1284, 1290, 1291, 1292, 1293, 1294, 1297, 1298, 1299, 1300, 1301, 1315, 1316, 1317, 1318, 1320, 1321, 1322, 1323, 1324, 1325, 1326, 1327, 1328, 1329, 1330, 1331, 1332, 1333, 1335, 1336, 1337, 1338, 1339, 1340, 1341, 1342, 1344, 1345, 1346, 1348, 1349, 1350, 1351, 1360, 1361, 1362, 1363, 1364, 1365, 1366, 1367, 1368, 1375, 1376, 1377, 1378, 1379, 1390, 1391, 1392, 1393, 1394, 1395, 1396, 1397, 1398, 1399, 1400, 1401, 1402, 1403, 1404, 1405, 1406, 1407, 1408, 1409, 1410, 1443, 1444, 1445, 1446, 1447, 1448, 1451, 1452, 1453, 1454, 1458, 1459, 1461, 1462, 1467, 1468, 1469, 1471, 1472, 1473, 1475, 1476, 1477, 1479, 1480, 1481, 1482, 1484, 1485, 1486, 1489, 1490, 1491, 1492, 1493, 1494, 1495, 1496, 1497, 1498, 1499, 1501, 1511, 1512, 1513, 1514, 1516, 1525, 1526, 1527, 1528, 1529, 1530, 1559, 1560, 1561, 1562, 1563, 1567, 1568, 1569, 1571, 1572, 1573, 1574, 1575, 1576, 1577, 1578, 1582, 1583, 1584, 1588, 1612, 1613, 1614, 1615, 1617, 1621, 1622, 1623, 1624, 1625, 1629, 1630, 1631, 1635, 1636, 1637, 1638, 1639, 1640, 1641, 1642, 1643, 1644, 1645, 1647, 1661, 1662, 1663, 1664, 1665, 1666, 1667, 1669, 1670, 1671, 1672, 1673, 1674, 1675, 1676, 1677, 1678, 1679, 1682, 1703, 1704, 1705, 1706, 1707, 1708, 1709, 1710, 1715, 1716, 1717, 1718, 1719, 1720, 1721, 1722, 1723, 1735, 1736, 1737, 1738, 1739, 1740, 1741, 1742, 1744, 1745, 1746, 1747, 1748, 1750, 1751, 1752, 1754, 1757, 1762, 1763, 1764, 1765, 1767, 1768, 1783, 1788, 1789, 1790, 1798, 1811, 1812, 1825, 1826, 1827, 1832, 1858, 1859, 1860, 1861, 1862, 1876, 1890, 1935, 1936, 1937, 1948, 1951, 1952, 1953, 1954, 1955, 1956, 1957, 1958, 1960, 1961, 1962, 1974, 2007, 2008, 2009, 2010, 2011, 2016, 2017, 2041, 2053, 2054, 2060, 2061, 2062, 2063, 2064, 2065, 2067, 2068, 2069, 2075, 2076, 2077, 2078, 2079], "excluded_lines": [], "start_line": 1}}}}, "totals": {"covered_lines": 1522, "num_statements": 12200, "percent_covered": 12.475409836065573, "percent_covered_display": "12", "missing_lines": 10678, "excluded_lines": 47, "percent_statements_covered": 12.475409836065573, "percent_statements_covered_display": "12"}}